2021-04-10 01:24:36,189 INFO mx.ikii.products.IkiiBackProductsApplication [restartedMain] The following profiles are active: development
2021-04-10 01:24:38,262 INFO org.apache.catalina.core.StandardService [restartedMain] Starting service [Tomcat]
2021-04-10 01:24:38,263 INFO org.apache.catalina.core.StandardEngine [restartedMain] Starting Servlet engine: [Apache Tomcat/9.0.21]
2021-04-10 01:24:38,347 INFO org.apache.catalina.core.ContainerBase.[Tomcat].[localhost].[/products] [restartedMain] Initializing Spring embedded WebApplicationContext
2021-04-10 01:24:38,459 WARN com.netflix.config.sources.URLConfigurationSource [restartedMain] No URLs will be polled as dynamic configuration sources.
2021-04-10 01:24:38,459 INFO com.netflix.config.sources.URLConfigurationSource [restartedMain] To enable URLs as dynamic configuration sources, define System property archaius.configurationSource.additionalUrls or make config.properties available on classpath.
2021-04-10 01:24:38,464 INFO com.netflix.config.DynamicPropertyFactory [restartedMain] DynamicPropertyFactory is initialized with configuration sources: com.netflix.config.ConcurrentCompositeConfiguration@77e5a77
2021-04-10 01:24:38,898 INFO org.mongodb.driver.cluster [restartedMain] Cluster created with settings {hosts=[localhost:27020], mode=SINGLE, requiredClusterType=UNKNOWN, serverSelectionTimeout='30000 ms', maxWaitQueueSize=30000000}
2021-04-10 01:24:38,946 INFO org.mongodb.driver.connection [cluster-ClusterId{value='607144a69c85242ef22d4cf0', description='null'}-localhost:27020] Opened connection [connectionId{localValue:1, serverValue:75}] to localhost:27020
2021-04-10 01:24:38,950 INFO org.mongodb.driver.cluster [cluster-ClusterId{value='607144a69c85242ef22d4cf0', description='null'}-localhost:27020] Monitor thread successfully connected to server with description ServerDescription{address=localhost:27020, type=STANDALONE, state=CONNECTED, ok=true, version=ServerVersion{versionList=[4, 4, 0]}, minWireVersion=0, maxWireVersion=9, maxDocumentSize=16777216, logicalSessionTimeoutMinutes=30, roundTripTimeNanos=1751650}
2021-04-10 01:24:39,826 INFO org.mongodb.driver.connection [restartedMain] Opened connection [connectionId{localValue:2, serverValue:76}] to localhost:27020
2021-04-10 01:24:40,268 WARN com.netflix.config.sources.URLConfigurationSource [restartedMain] No URLs will be polled as dynamic configuration sources.
2021-04-10 01:24:40,268 INFO com.netflix.config.sources.URLConfigurationSource [restartedMain] To enable URLs as dynamic configuration sources, define System property archaius.configurationSource.additionalUrls or make config.properties available on classpath.
2021-04-10 01:24:41,133 INFO com.netflix.discovery.DiscoveryClient [restartedMain] Initializing Eureka in region us-east-1
2021-04-10 01:24:41,156 INFO com.netflix.discovery.provider.DiscoveryJerseyProvider [restartedMain] Using JSON encoding codec LegacyJacksonJson
2021-04-10 01:24:41,156 INFO com.netflix.discovery.provider.DiscoveryJerseyProvider [restartedMain] Using JSON decoding codec LegacyJacksonJson
2021-04-10 01:24:41,235 INFO com.netflix.discovery.provider.DiscoveryJerseyProvider [restartedMain] Using XML encoding codec XStreamXml
2021-04-10 01:24:41,235 INFO com.netflix.discovery.provider.DiscoveryJerseyProvider [restartedMain] Using XML decoding codec XStreamXml
2021-04-10 01:24:41,348 INFO com.netflix.discovery.shared.resolver.aws.ConfigClusterResolver [restartedMain] Resolving eureka endpoints via configuration
2021-04-10 01:24:41,358 INFO com.netflix.discovery.DiscoveryClient [restartedMain] Disable delta property : false
2021-04-10 01:24:41,358 INFO com.netflix.discovery.DiscoveryClient [restartedMain] Single vip registry refresh property : null
2021-04-10 01:24:41,358 INFO com.netflix.discovery.DiscoveryClient [restartedMain] Force full registry fetch : false
2021-04-10 01:24:41,358 INFO com.netflix.discovery.DiscoveryClient [restartedMain] Application is null : false
2021-04-10 01:24:41,358 INFO com.netflix.discovery.DiscoveryClient [restartedMain] Registered Applications size is zero : true
2021-04-10 01:24:41,358 INFO com.netflix.discovery.DiscoveryClient [restartedMain] Application version is -1: true
2021-04-10 01:24:41,358 INFO com.netflix.discovery.DiscoveryClient [restartedMain] Getting all instance registry info from the eureka server
2021-04-10 01:24:41,412 INFO com.netflix.discovery.DiscoveryClient [restartedMain] The response status is 200
2021-04-10 01:24:41,414 INFO com.netflix.discovery.DiscoveryClient [restartedMain] Starting heartbeat executor: renew interval is: 30
2021-04-10 01:24:41,415 INFO com.netflix.discovery.InstanceInfoReplicator [restartedMain] InstanceInfoReplicator onDemand update allowed rate per min is 4
2021-04-10 01:24:41,417 INFO com.netflix.discovery.DiscoveryClient [restartedMain] Discovery Client initialized at timestamp 1618035881417 with initial instances count: 4
2021-04-10 01:24:41,424 INFO com.netflix.discovery.DiscoveryClient [restartedMain] Saw local status change event StatusChangeEvent [timestamp=1618035881424, current=UP, previous=STARTING]
2021-04-10 01:24:41,425 INFO com.netflix.discovery.DiscoveryClient [DiscoveryClient-InstanceInfoReplicator-0] DiscoveryClient_PRODUCTS/s-a:products:8006: registering service...
2021-04-10 01:24:41,442 INFO com.netflix.discovery.DiscoveryClient [DiscoveryClient-InstanceInfoReplicator-0] DiscoveryClient_PRODUCTS/s-a:products:8006 - registration status: 204
2021-04-10 01:24:41,455 INFO mx.ikii.products.IkiiBackProductsApplication [restartedMain] Started IkiiBackProductsApplication in 7.277 seconds (JVM running for 7.885)
2021-04-10 01:24:41,931 INFO org.apache.catalina.core.ContainerBase.[Tomcat].[localhost].[/products] [RMI TCP Connection(5)-192.168.0.11] Initializing Spring DispatcherServlet 'dispatcherServlet'
2021-04-10 01:29:41,360 INFO com.netflix.discovery.shared.resolver.aws.ConfigClusterResolver [AsyncResolver-bootstrap-executor-0] Resolving eureka endpoints via configuration
2021-04-10 01:34:41,361 INFO com.netflix.discovery.shared.resolver.aws.ConfigClusterResolver [AsyncResolver-bootstrap-executor-0] Resolving eureka endpoints via configuration
2021-04-10 01:39:08,730 WARN com.netflix.discovery.DiscoveryClient [Thread-1] Saw local status change event StatusChangeEvent [timestamp=1618036748730, current=DOWN, previous=UP]
2021-04-10 01:39:08,731 INFO com.netflix.discovery.DiscoveryClient [DiscoveryClient-InstanceInfoReplicator-0] DiscoveryClient_PRODUCTS/s-a:products:8006: registering service...
2021-04-10 01:39:08,737 INFO com.netflix.discovery.DiscoveryClient [DiscoveryClient-InstanceInfoReplicator-0] DiscoveryClient_PRODUCTS/s-a:products:8006 - registration status: 204
2021-04-10 01:39:09,748 INFO com.netflix.discovery.DiscoveryClient [Thread-1] Shutting down DiscoveryClient ...
2021-04-10 01:39:12,749 WARN com.netflix.discovery.TimedSupervisorTask [DiscoveryClient-0] task supervisor shutting down, can't accept the task
2021-04-10 01:39:12,749 INFO com.netflix.discovery.DiscoveryClient [Thread-1] Unregistering ...
2021-04-10 01:39:12,754 INFO com.netflix.discovery.DiscoveryClient [Thread-1] DiscoveryClient_PRODUCTS/s-a:products:8006 - deregister  status: 200
2021-04-10 01:39:12,776 INFO com.netflix.discovery.DiscoveryClient [Thread-1] Completed shut down of DiscoveryClient
2021-04-10 01:39:14,187 INFO mx.ikii.products.IkiiBackProductsApplication [restartedMain] The following profiles are active: development
2021-04-10 01:39:14,935 INFO org.apache.catalina.core.StandardService [restartedMain] Starting service [Tomcat]
2021-04-10 01:39:14,935 INFO org.apache.catalina.core.StandardEngine [restartedMain] Starting Servlet engine: [Apache Tomcat/9.0.21]
2021-04-10 01:39:14,948 INFO org.apache.catalina.core.ContainerBase.[Tomcat].[localhost].[/products] [restartedMain] Initializing Spring embedded WebApplicationContext
2021-04-10 01:39:15,315 INFO org.mongodb.driver.cluster [restartedMain] Cluster created with settings {hosts=[localhost:27020], mode=SINGLE, requiredClusterType=UNKNOWN, serverSelectionTimeout='30000 ms', maxWaitQueueSize=30000000}
2021-04-10 01:39:15,317 INFO org.mongodb.driver.connection [cluster-ClusterId{value='607148139c85242ef22d4cf1', description='null'}-localhost:27020] Opened connection [connectionId{localValue:3, serverValue:77}] to localhost:27020
2021-04-10 01:39:15,319 INFO org.mongodb.driver.cluster [cluster-ClusterId{value='607148139c85242ef22d4cf1', description='null'}-localhost:27020] Monitor thread successfully connected to server with description ServerDescription{address=localhost:27020, type=STANDALONE, state=CONNECTED, ok=true, version=ServerVersion{versionList=[4, 4, 0]}, minWireVersion=0, maxWireVersion=9, maxDocumentSize=16777216, logicalSessionTimeoutMinutes=30, roundTripTimeNanos=366741}
2021-04-10 01:39:15,900 INFO org.mongodb.driver.connection [restartedMain] Opened connection [connectionId{localValue:4, serverValue:78}] to localhost:27020
2021-04-10 01:39:16,204 WARN com.netflix.config.sources.URLConfigurationSource [restartedMain] No URLs will be polled as dynamic configuration sources.
2021-04-10 01:39:16,204 INFO com.netflix.config.sources.URLConfigurationSource [restartedMain] To enable URLs as dynamic configuration sources, define System property archaius.configurationSource.additionalUrls or make config.properties available on classpath.
2021-04-10 01:39:16,942 INFO com.netflix.discovery.DiscoveryClient [restartedMain] Initializing Eureka in region us-east-1
2021-04-10 01:39:16,944 INFO com.netflix.discovery.provider.DiscoveryJerseyProvider [restartedMain] Using JSON encoding codec LegacyJacksonJson
2021-04-10 01:39:16,944 INFO com.netflix.discovery.provider.DiscoveryJerseyProvider [restartedMain] Using JSON decoding codec LegacyJacksonJson
2021-04-10 01:39:16,944 INFO com.netflix.discovery.provider.DiscoveryJerseyProvider [restartedMain] Using XML encoding codec XStreamXml
2021-04-10 01:39:16,944 INFO com.netflix.discovery.provider.DiscoveryJerseyProvider [restartedMain] Using XML decoding codec XStreamXml
2021-04-10 01:39:16,976 INFO com.netflix.discovery.shared.resolver.aws.ConfigClusterResolver [restartedMain] Resolving eureka endpoints via configuration
2021-04-10 01:39:16,980 INFO com.netflix.discovery.DiscoveryClient [restartedMain] Disable delta property : false
2021-04-10 01:39:16,981 INFO com.netflix.discovery.DiscoveryClient [restartedMain] Single vip registry refresh property : null
2021-04-10 01:39:16,981 INFO com.netflix.discovery.DiscoveryClient [restartedMain] Force full registry fetch : false
2021-04-10 01:39:16,981 INFO com.netflix.discovery.DiscoveryClient [restartedMain] Application is null : false
2021-04-10 01:39:16,981 INFO com.netflix.discovery.DiscoveryClient [restartedMain] Registered Applications size is zero : true
2021-04-10 01:39:16,981 INFO com.netflix.discovery.DiscoveryClient [restartedMain] Application version is -1: true
2021-04-10 01:39:16,981 INFO com.netflix.discovery.DiscoveryClient [restartedMain] Getting all instance registry info from the eureka server
2021-04-10 01:39:16,984 INFO com.netflix.discovery.DiscoveryClient [restartedMain] The response status is 200
2021-04-10 01:39:16,985 INFO com.netflix.discovery.DiscoveryClient [restartedMain] Starting heartbeat executor: renew interval is: 30
2021-04-10 01:39:16,985 INFO com.netflix.discovery.InstanceInfoReplicator [restartedMain] InstanceInfoReplicator onDemand update allowed rate per min is 4
2021-04-10 01:39:16,986 INFO com.netflix.discovery.DiscoveryClient [restartedMain] Discovery Client initialized at timestamp 1618036756986 with initial instances count: 6
2021-04-10 01:39:16,991 INFO com.netflix.discovery.DiscoveryClient [restartedMain] Saw local status change event StatusChangeEvent [timestamp=1618036756991, current=UP, previous=STARTING]
2021-04-10 01:39:16,992 INFO com.netflix.discovery.DiscoveryClient [DiscoveryClient-InstanceInfoReplicator-0] DiscoveryClient_PRODUCTS/s-a:products:8006: registering service...
2021-04-10 01:39:16,996 INFO com.netflix.discovery.DiscoveryClient [DiscoveryClient-InstanceInfoReplicator-0] DiscoveryClient_PRODUCTS/s-a:products:8006 - registration status: 204
2021-04-10 01:39:17,014 INFO mx.ikii.products.IkiiBackProductsApplication [restartedMain] Started IkiiBackProductsApplication in 3.964 seconds (JVM running for 883.445)
2021-04-10 01:44:16,982 INFO com.netflix.discovery.shared.resolver.aws.ConfigClusterResolver [AsyncResolver-bootstrap-executor-0] Resolving eureka endpoints via configuration
2021-04-10 01:47:34,364 WARN com.netflix.discovery.DiscoveryClient [Thread-10] Saw local status change event StatusChangeEvent [timestamp=1618037254364, current=DOWN, previous=UP]
2021-04-10 01:47:34,364 INFO com.netflix.discovery.DiscoveryClient [DiscoveryClient-InstanceInfoReplicator-0] DiscoveryClient_PRODUCTS/s-a:products:8006: registering service...
2021-04-10 01:47:34,369 INFO com.netflix.discovery.DiscoveryClient [DiscoveryClient-InstanceInfoReplicator-0] DiscoveryClient_PRODUCTS/s-a:products:8006 - registration status: 204
2021-04-10 01:47:35,263 INFO com.netflix.discovery.DiscoveryClient [Thread-10] Shutting down DiscoveryClient ...
2021-04-10 01:47:38,264 INFO com.netflix.discovery.DiscoveryClient [Thread-10] Unregistering ...
2021-04-10 01:47:38,267 INFO com.netflix.discovery.DiscoveryClient [Thread-10] DiscoveryClient_PRODUCTS/s-a:products:8006 - deregister  status: 200
2021-04-10 01:47:38,274 INFO com.netflix.discovery.DiscoveryClient [Thread-10] Completed shut down of DiscoveryClient
2021-04-10 01:47:39,790 INFO mx.ikii.products.IkiiBackProductsApplication [restartedMain] The following profiles are active: development
2021-04-10 01:47:40,792 INFO org.apache.catalina.core.StandardService [restartedMain] Starting service [Tomcat]
2021-04-10 01:47:40,793 INFO org.apache.catalina.core.StandardEngine [restartedMain] Starting Servlet engine: [Apache Tomcat/9.0.21]
2021-04-10 01:47:40,808 INFO org.apache.catalina.core.ContainerBase.[Tomcat].[localhost].[/products] [restartedMain] Initializing Spring embedded WebApplicationContext
2021-04-10 01:47:41,317 INFO org.mongodb.driver.cluster [restartedMain] Cluster created with settings {hosts=[localhost:27020], mode=SINGLE, requiredClusterType=UNKNOWN, serverSelectionTimeout='30000 ms', maxWaitQueueSize=30000000}
2021-04-10 01:47:41,322 INFO org.mongodb.driver.connection [cluster-ClusterId{value='60714a0d9c85242ef22d4cf2', description='null'}-localhost:27020] Opened connection [connectionId{localValue:5, serverValue:87}] to localhost:27020
2021-04-10 01:47:41,358 INFO org.mongodb.driver.cluster [cluster-ClusterId{value='60714a0d9c85242ef22d4cf2', description='null'}-localhost:27020] Monitor thread successfully connected to server with description ServerDescription{address=localhost:27020, type=STANDALONE, state=CONNECTED, ok=true, version=ServerVersion{versionList=[4, 4, 0]}, minWireVersion=0, maxWireVersion=9, maxDocumentSize=16777216, logicalSessionTimeoutMinutes=30, roundTripTimeNanos=619159}
2021-04-10 01:47:42,417 INFO org.mongodb.driver.connection [restartedMain] Opened connection [connectionId{localValue:6, serverValue:88}] to localhost:27020
2021-04-10 01:47:42,752 WARN com.netflix.config.sources.URLConfigurationSource [restartedMain] No URLs will be polled as dynamic configuration sources.
2021-04-10 01:47:42,752 INFO com.netflix.config.sources.URLConfigurationSource [restartedMain] To enable URLs as dynamic configuration sources, define System property archaius.configurationSource.additionalUrls or make config.properties available on classpath.
2021-04-10 01:47:44,282 INFO com.netflix.discovery.DiscoveryClient [restartedMain] Initializing Eureka in region us-east-1
2021-04-10 01:47:44,284 INFO com.netflix.discovery.provider.DiscoveryJerseyProvider [restartedMain] Using JSON encoding codec LegacyJacksonJson
2021-04-10 01:47:44,284 INFO com.netflix.discovery.provider.DiscoveryJerseyProvider [restartedMain] Using JSON decoding codec LegacyJacksonJson
2021-04-10 01:47:44,284 INFO com.netflix.discovery.provider.DiscoveryJerseyProvider [restartedMain] Using XML encoding codec XStreamXml
2021-04-10 01:47:44,284 INFO com.netflix.discovery.provider.DiscoveryJerseyProvider [restartedMain] Using XML decoding codec XStreamXml
2021-04-10 01:47:44,329 INFO com.netflix.discovery.shared.resolver.aws.ConfigClusterResolver [restartedMain] Resolving eureka endpoints via configuration
2021-04-10 01:47:44,330 INFO com.netflix.discovery.DiscoveryClient [restartedMain] Disable delta property : false
2021-04-10 01:47:44,330 INFO com.netflix.discovery.DiscoveryClient [restartedMain] Single vip registry refresh property : null
2021-04-10 01:47:44,330 INFO com.netflix.discovery.DiscoveryClient [restartedMain] Force full registry fetch : false
2021-04-10 01:47:44,330 INFO com.netflix.discovery.DiscoveryClient [restartedMain] Application is null : false
2021-04-10 01:47:44,330 INFO com.netflix.discovery.DiscoveryClient [restartedMain] Registered Applications size is zero : true
2021-04-10 01:47:44,330 INFO com.netflix.discovery.DiscoveryClient [restartedMain] Application version is -1: true
2021-04-10 01:47:44,330 INFO com.netflix.discovery.DiscoveryClient [restartedMain] Getting all instance registry info from the eureka server
2021-04-10 01:47:44,334 INFO com.netflix.discovery.DiscoveryClient [restartedMain] The response status is 200
2021-04-10 01:47:44,335 INFO com.netflix.discovery.DiscoveryClient [restartedMain] Starting heartbeat executor: renew interval is: 30
2021-04-10 01:47:44,336 INFO com.netflix.discovery.InstanceInfoReplicator [restartedMain] InstanceInfoReplicator onDemand update allowed rate per min is 4
2021-04-10 01:47:44,337 INFO com.netflix.discovery.DiscoveryClient [restartedMain] Discovery Client initialized at timestamp 1618037264337 with initial instances count: 6
2021-04-10 01:47:44,349 INFO com.netflix.discovery.DiscoveryClient [restartedMain] Saw local status change event StatusChangeEvent [timestamp=1618037264349, current=UP, previous=STARTING]
2021-04-10 01:47:44,349 INFO com.netflix.discovery.DiscoveryClient [DiscoveryClient-InstanceInfoReplicator-0] DiscoveryClient_PRODUCTS/s-a:products:8006: registering service...
2021-04-10 01:47:44,356 INFO com.netflix.discovery.DiscoveryClient [DiscoveryClient-InstanceInfoReplicator-0] DiscoveryClient_PRODUCTS/s-a:products:8006 - registration status: 204
2021-04-10 01:47:44,386 INFO mx.ikii.products.IkiiBackProductsApplication [restartedMain] Started IkiiBackProductsApplication in 6.017 seconds (JVM running for 1390.817)
2021-04-10 01:48:14,341 ERROR com.netflix.discovery.shared.transport.decorator.RedirectingEurekaHttpClient [DiscoveryClient-HeartbeatExecutor-0] Request execution error. endpoint=DefaultEndpoint{ serviceUrl='http://127.0.0.1:8761/eureka/}
com.sun.jersey.api.client.ClientHandlerException: java.net.ConnectException: Connection refused (Connection refused)
	at com.sun.jersey.client.apache4.ApacheHttpClient4Handler.handle(ApacheHttpClient4Handler.java:187) ~[jersey-apache-client4-1.19.1.jar:1.19.1]
	at com.sun.jersey.api.client.filter.GZIPContentEncodingFilter.handle(GZIPContentEncodingFilter.java:123) ~[jersey-client-1.19.1.jar:1.19.1]
	at com.netflix.discovery.EurekaIdentityHeaderFilter.handle(EurekaIdentityHeaderFilter.java:27) ~[eureka-client-1.9.8.jar:1.9.8]
	at com.sun.jersey.api.client.Client.handle(Client.java:652) ~[jersey-client-1.19.1.jar:1.19.1]
	at com.sun.jersey.api.client.WebResource.handle(WebResource.java:682) ~[jersey-client-1.19.1.jar:1.19.1]
	at com.sun.jersey.api.client.WebResource.access$200(WebResource.java:74) ~[jersey-client-1.19.1.jar:1.19.1]
	at com.sun.jersey.api.client.WebResource$Builder.put(WebResource.java:529) ~[jersey-client-1.19.1.jar:1.19.1]
	at com.netflix.discovery.shared.transport.jersey.AbstractJerseyEurekaHttpClient.sendHeartBeat(AbstractJerseyEurekaHttpClient.java:102) ~[eureka-client-1.9.8.jar:1.9.8]
	at com.netflix.discovery.shared.transport.decorator.EurekaHttpClientDecorator$3.execute(EurekaHttpClientDecorator.java:92) ~[eureka-client-1.9.8.jar:1.9.8]
	at com.netflix.discovery.shared.transport.decorator.MetricsCollectingEurekaHttpClient.execute(MetricsCollectingEurekaHttpClient.java:73) ~[eureka-client-1.9.8.jar:1.9.8]
	at com.netflix.discovery.shared.transport.decorator.EurekaHttpClientDecorator.sendHeartBeat(EurekaHttpClientDecorator.java:89) ~[eureka-client-1.9.8.jar:1.9.8]
	at com.netflix.discovery.shared.transport.decorator.EurekaHttpClientDecorator$3.execute(EurekaHttpClientDecorator.java:92) ~[eureka-client-1.9.8.jar:1.9.8]
	at com.netflix.discovery.shared.transport.decorator.RedirectingEurekaHttpClient.execute(RedirectingEurekaHttpClient.java:89) ~[eureka-client-1.9.8.jar:1.9.8]
	at com.netflix.discovery.shared.transport.decorator.EurekaHttpClientDecorator.sendHeartBeat(EurekaHttpClientDecorator.java:89) ~[eureka-client-1.9.8.jar:1.9.8]
	at com.netflix.discovery.shared.transport.decorator.EurekaHttpClientDecorator$3.execute(EurekaHttpClientDecorator.java:92) ~[eureka-client-1.9.8.jar:1.9.8]
	at com.netflix.discovery.shared.transport.decorator.RetryableEurekaHttpClient.execute(RetryableEurekaHttpClient.java:120) ~[eureka-client-1.9.8.jar:1.9.8]
	at com.netflix.discovery.shared.transport.decorator.EurekaHttpClientDecorator.sendHeartBeat(EurekaHttpClientDecorator.java:89) ~[eureka-client-1.9.8.jar:1.9.8]
	at com.netflix.discovery.shared.transport.decorator.EurekaHttpClientDecorator$3.execute(EurekaHttpClientDecorator.java:92) ~[eureka-client-1.9.8.jar:1.9.8]
	at com.netflix.discovery.shared.transport.decorator.SessionedEurekaHttpClient.execute(SessionedEurekaHttpClient.java:77) ~[eureka-client-1.9.8.jar:1.9.8]
	at com.netflix.discovery.shared.transport.decorator.EurekaHttpClientDecorator.sendHeartBeat(EurekaHttpClientDecorator.java:89) ~[eureka-client-1.9.8.jar:1.9.8]
	at com.netflix.discovery.DiscoveryClient.renew(DiscoveryClient.java:846) ~[eureka-client-1.9.8.jar:1.9.8]
	at com.netflix.discovery.DiscoveryClient$HeartbeatThread.run(DiscoveryClient.java:1405) ~[eureka-client-1.9.8.jar:1.9.8]
	at java.base/java.util.concurrent.Executors$RunnableAdapter.call(Executors.java:515) ~[na:na]
	at java.base/java.util.concurrent.FutureTask.run(FutureTask.java:264) ~[na:na]
	at java.base/java.util.concurrent.ThreadPoolExecutor.runWorker(ThreadPoolExecutor.java:1128) ~[na:na]
	at java.base/java.util.concurrent.ThreadPoolExecutor$Worker.run(ThreadPoolExecutor.java:628) ~[na:na]
	at java.base/java.lang.Thread.run(Thread.java:834) ~[na:na]
Caused by: java.net.ConnectException: Connection refused (Connection refused)
	at java.base/java.net.PlainSocketImpl.socketConnect(Native Method) ~[na:na]
	at java.base/java.net.AbstractPlainSocketImpl.doConnect(AbstractPlainSocketImpl.java:399) ~[na:na]
	at java.base/java.net.AbstractPlainSocketImpl.connectToAddress(AbstractPlainSocketImpl.java:242) ~[na:na]
	at java.base/java.net.AbstractPlainSocketImpl.connect(AbstractPlainSocketImpl.java:224) ~[na:na]
	at java.base/java.net.SocksSocketImpl.connect(SocksSocketImpl.java:392) ~[na:na]
	at java.base/java.net.Socket.connect(Socket.java:609) ~[na:na]
	at org.apache.http.conn.scheme.PlainSocketFactory.connectSocket(PlainSocketFactory.java:121) ~[httpclient-4.5.9.jar:4.5.9]
	at org.apache.http.impl.conn.DefaultClientConnectionOperator.openConnection(DefaultClientConnectionOperator.java:180) ~[httpclient-4.5.9.jar:4.5.9]
	at org.apache.http.impl.conn.AbstractPoolEntry.open(AbstractPoolEntry.java:144) ~[httpclient-4.5.9.jar:4.5.9]
	at org.apache.http.impl.conn.AbstractPooledConnAdapter.open(AbstractPooledConnAdapter.java:134) ~[httpclient-4.5.9.jar:4.5.9]
	at org.apache.http.impl.client.DefaultRequestDirector.tryConnect(DefaultRequestDirector.java:605) ~[httpclient-4.5.9.jar:4.5.9]
	at org.apache.http.impl.client.DefaultRequestDirector.execute(DefaultRequestDirector.java:440) ~[httpclient-4.5.9.jar:4.5.9]
	at org.apache.http.impl.client.AbstractHttpClient.doExecute(AbstractHttpClient.java:835) ~[httpclient-4.5.9.jar:4.5.9]
	at org.apache.http.impl.client.CloseableHttpClient.execute(CloseableHttpClient.java:118) ~[httpclient-4.5.9.jar:4.5.9]
	at org.apache.http.impl.client.CloseableHttpClient.execute(CloseableHttpClient.java:56) ~[httpclient-4.5.9.jar:4.5.9]
	at com.sun.jersey.client.apache4.ApacheHttpClient4Handler.handle(ApacheHttpClient4Handler.java:173) ~[jersey-apache-client4-1.19.1.jar:1.19.1]
	... 26 common frames omitted
2021-04-10 01:48:14,341 WARN com.netflix.discovery.shared.transport.decorator.RetryableEurekaHttpClient [DiscoveryClient-HeartbeatExecutor-0] Request execution failed with message: java.net.ConnectException: Connection refused (Connection refused)
2021-04-10 01:48:14,345 ERROR com.netflix.discovery.shared.transport.decorator.RedirectingEurekaHttpClient [DiscoveryClient-CacheRefreshExecutor-0] Request execution error. endpoint=DefaultEndpoint{ serviceUrl='http://127.0.0.1:8761/eureka/}
com.sun.jersey.api.client.ClientHandlerException: java.net.ConnectException: Connection refused (Connection refused)
	at com.sun.jersey.client.apache4.ApacheHttpClient4Handler.handle(ApacheHttpClient4Handler.java:187) ~[jersey-apache-client4-1.19.1.jar:1.19.1]
	at com.sun.jersey.api.client.filter.GZIPContentEncodingFilter.handle(GZIPContentEncodingFilter.java:123) ~[jersey-client-1.19.1.jar:1.19.1]
	at com.netflix.discovery.EurekaIdentityHeaderFilter.handle(EurekaIdentityHeaderFilter.java:27) ~[eureka-client-1.9.8.jar:1.9.8]
	at com.sun.jersey.api.client.Client.handle(Client.java:652) ~[jersey-client-1.19.1.jar:1.19.1]
	at com.sun.jersey.api.client.WebResource.handle(WebResource.java:682) ~[jersey-client-1.19.1.jar:1.19.1]
	at com.sun.jersey.api.client.WebResource.access$200(WebResource.java:74) ~[jersey-client-1.19.1.jar:1.19.1]
	at com.sun.jersey.api.client.WebResource$Builder.get(WebResource.java:509) ~[jersey-client-1.19.1.jar:1.19.1]
	at com.netflix.discovery.shared.transport.jersey.AbstractJerseyEurekaHttpClient.getApplicationsInternal(AbstractJerseyEurekaHttpClient.java:194) ~[eureka-client-1.9.8.jar:1.9.8]
	at com.netflix.discovery.shared.transport.jersey.AbstractJerseyEurekaHttpClient.getDelta(AbstractJerseyEurekaHttpClient.java:170) ~[eureka-client-1.9.8.jar:1.9.8]
	at com.netflix.discovery.shared.transport.decorator.EurekaHttpClientDecorator$7.execute(EurekaHttpClientDecorator.java:152) ~[eureka-client-1.9.8.jar:1.9.8]
	at com.netflix.discovery.shared.transport.decorator.MetricsCollectingEurekaHttpClient.execute(MetricsCollectingEurekaHttpClient.java:73) ~[eureka-client-1.9.8.jar:1.9.8]
	at com.netflix.discovery.shared.transport.decorator.EurekaHttpClientDecorator.getDelta(EurekaHttpClientDecorator.java:149) ~[eureka-client-1.9.8.jar:1.9.8]
	at com.netflix.discovery.shared.transport.decorator.EurekaHttpClientDecorator$7.execute(EurekaHttpClientDecorator.java:152) ~[eureka-client-1.9.8.jar:1.9.8]
	at com.netflix.discovery.shared.transport.decorator.RedirectingEurekaHttpClient.execute(RedirectingEurekaHttpClient.java:89) ~[eureka-client-1.9.8.jar:1.9.8]
	at com.netflix.discovery.shared.transport.decorator.EurekaHttpClientDecorator.getDelta(EurekaHttpClientDecorator.java:149) ~[eureka-client-1.9.8.jar:1.9.8]
	at com.netflix.discovery.shared.transport.decorator.EurekaHttpClientDecorator$7.execute(EurekaHttpClientDecorator.java:152) ~[eureka-client-1.9.8.jar:1.9.8]
	at com.netflix.discovery.shared.transport.decorator.RetryableEurekaHttpClient.execute(RetryableEurekaHttpClient.java:120) ~[eureka-client-1.9.8.jar:1.9.8]
	at com.netflix.discovery.shared.transport.decorator.EurekaHttpClientDecorator.getDelta(EurekaHttpClientDecorator.java:149) ~[eureka-client-1.9.8.jar:1.9.8]
	at com.netflix.discovery.shared.transport.decorator.EurekaHttpClientDecorator$7.execute(EurekaHttpClientDecorator.java:152) ~[eureka-client-1.9.8.jar:1.9.8]
	at com.netflix.discovery.shared.transport.decorator.SessionedEurekaHttpClient.execute(SessionedEurekaHttpClient.java:77) ~[eureka-client-1.9.8.jar:1.9.8]
	at com.netflix.discovery.shared.transport.decorator.EurekaHttpClientDecorator.getDelta(EurekaHttpClientDecorator.java:149) ~[eureka-client-1.9.8.jar:1.9.8]
	at com.netflix.discovery.DiscoveryClient.getAndUpdateDelta(DiscoveryClient.java:1085) ~[eureka-client-1.9.8.jar:1.9.8]
	at com.netflix.discovery.DiscoveryClient.fetchRegistry(DiscoveryClient.java:967) ~[eureka-client-1.9.8.jar:1.9.8]
	at com.netflix.discovery.DiscoveryClient.refreshRegistry(DiscoveryClient.java:1479) ~[eureka-client-1.9.8.jar:1.9.8]
	at com.netflix.discovery.DiscoveryClient$CacheRefreshThread.run(DiscoveryClient.java:1446) ~[eureka-client-1.9.8.jar:1.9.8]
	at java.base/java.util.concurrent.Executors$RunnableAdapter.call(Executors.java:515) ~[na:na]
	at java.base/java.util.concurrent.FutureTask.run(FutureTask.java:264) ~[na:na]
	at java.base/java.util.concurrent.ThreadPoolExecutor.runWorker(ThreadPoolExecutor.java:1128) ~[na:na]
	at java.base/java.util.concurrent.ThreadPoolExecutor$Worker.run(ThreadPoolExecutor.java:628) ~[na:na]
	at java.base/java.lang.Thread.run(Thread.java:834) ~[na:na]
Caused by: java.net.ConnectException: Connection refused (Connection refused)
	at java.base/java.net.PlainSocketImpl.socketConnect(Native Method) ~[na:na]
	at java.base/java.net.AbstractPlainSocketImpl.doConnect(AbstractPlainSocketImpl.java:399) ~[na:na]
	at java.base/java.net.AbstractPlainSocketImpl.connectToAddress(AbstractPlainSocketImpl.java:242) ~[na:na]
	at java.base/java.net.AbstractPlainSocketImpl.connect(AbstractPlainSocketImpl.java:224) ~[na:na]
	at java.base/java.net.SocksSocketImpl.connect(SocksSocketImpl.java:392) ~[na:na]
	at java.base/java.net.Socket.connect(Socket.java:609) ~[na:na]
	at org.apache.http.conn.scheme.PlainSocketFactory.connectSocket(PlainSocketFactory.java:121) ~[httpclient-4.5.9.jar:4.5.9]
	at org.apache.http.impl.conn.DefaultClientConnectionOperator.openConnection(DefaultClientConnectionOperator.java:180) ~[httpclient-4.5.9.jar:4.5.9]
	at org.apache.http.impl.conn.AbstractPoolEntry.open(AbstractPoolEntry.java:144) ~[httpclient-4.5.9.jar:4.5.9]
	at org.apache.http.impl.conn.AbstractPooledConnAdapter.open(AbstractPooledConnAdapter.java:134) ~[httpclient-4.5.9.jar:4.5.9]
	at org.apache.http.impl.client.DefaultRequestDirector.tryConnect(DefaultRequestDirector.java:605) ~[httpclient-4.5.9.jar:4.5.9]
	at org.apache.http.impl.client.DefaultRequestDirector.execute(DefaultRequestDirector.java:440) ~[httpclient-4.5.9.jar:4.5.9]
	at org.apache.http.impl.client.AbstractHttpClient.doExecute(AbstractHttpClient.java:835) ~[httpclient-4.5.9.jar:4.5.9]
	at org.apache.http.impl.client.CloseableHttpClient.execute(CloseableHttpClient.java:118) ~[httpclient-4.5.9.jar:4.5.9]
	at org.apache.http.impl.client.CloseableHttpClient.execute(CloseableHttpClient.java:56) ~[httpclient-4.5.9.jar:4.5.9]
	at com.sun.jersey.client.apache4.ApacheHttpClient4Handler.handle(ApacheHttpClient4Handler.java:173) ~[jersey-apache-client4-1.19.1.jar:1.19.1]
	... 29 common frames omitted
2021-04-10 01:48:14,346 WARN com.netflix.discovery.shared.transport.decorator.RetryableEurekaHttpClient [DiscoveryClient-CacheRefreshExecutor-0] Request execution failed with message: java.net.ConnectException: Connection refused (Connection refused)
2021-04-10 01:48:14,348 ERROR com.netflix.discovery.shared.transport.decorator.RedirectingEurekaHttpClient [DiscoveryClient-CacheRefreshExecutor-0] Request execution error. endpoint=DefaultEndpoint{ serviceUrl='http://127.0.0.1:8761/eureka/}
com.sun.jersey.api.client.ClientHandlerException: java.net.ConnectException: Connection refused (Connection refused)
	at com.sun.jersey.client.apache4.ApacheHttpClient4Handler.handle(ApacheHttpClient4Handler.java:187) ~[jersey-apache-client4-1.19.1.jar:1.19.1]
	at com.sun.jersey.api.client.filter.GZIPContentEncodingFilter.handle(GZIPContentEncodingFilter.java:123) ~[jersey-client-1.19.1.jar:1.19.1]
	at com.netflix.discovery.EurekaIdentityHeaderFilter.handle(EurekaIdentityHeaderFilter.java:27) ~[eureka-client-1.9.8.jar:1.9.8]
	at com.sun.jersey.api.client.Client.handle(Client.java:652) ~[jersey-client-1.19.1.jar:1.19.1]
	at com.sun.jersey.api.client.WebResource.handle(WebResource.java:682) ~[jersey-client-1.19.1.jar:1.19.1]
	at com.sun.jersey.api.client.WebResource.access$200(WebResource.java:74) ~[jersey-client-1.19.1.jar:1.19.1]
	at com.sun.jersey.api.client.WebResource$Builder.get(WebResource.java:509) ~[jersey-client-1.19.1.jar:1.19.1]
	at com.netflix.discovery.shared.transport.jersey.AbstractJerseyEurekaHttpClient.getApplicationsInternal(AbstractJerseyEurekaHttpClient.java:194) ~[eureka-client-1.9.8.jar:1.9.8]
	at com.netflix.discovery.shared.transport.jersey.AbstractJerseyEurekaHttpClient.getDelta(AbstractJerseyEurekaHttpClient.java:170) ~[eureka-client-1.9.8.jar:1.9.8]
	at com.netflix.discovery.shared.transport.decorator.EurekaHttpClientDecorator$7.execute(EurekaHttpClientDecorator.java:152) ~[eureka-client-1.9.8.jar:1.9.8]
	at com.netflix.discovery.shared.transport.decorator.MetricsCollectingEurekaHttpClient.execute(MetricsCollectingEurekaHttpClient.java:73) ~[eureka-client-1.9.8.jar:1.9.8]
	at com.netflix.discovery.shared.transport.decorator.EurekaHttpClientDecorator.getDelta(EurekaHttpClientDecorator.java:149) ~[eureka-client-1.9.8.jar:1.9.8]
	at com.netflix.discovery.shared.transport.decorator.EurekaHttpClientDecorator$7.execute(EurekaHttpClientDecorator.java:152) ~[eureka-client-1.9.8.jar:1.9.8]
	at com.netflix.discovery.shared.transport.decorator.RedirectingEurekaHttpClient.executeOnNewServer(RedirectingEurekaHttpClient.java:118) ~[eureka-client-1.9.8.jar:1.9.8]
	at com.netflix.discovery.shared.transport.decorator.RedirectingEurekaHttpClient.execute(RedirectingEurekaHttpClient.java:79) ~[eureka-client-1.9.8.jar:1.9.8]
	at com.netflix.discovery.shared.transport.decorator.EurekaHttpClientDecorator.getDelta(EurekaHttpClientDecorator.java:149) ~[eureka-client-1.9.8.jar:1.9.8]
	at com.netflix.discovery.shared.transport.decorator.EurekaHttpClientDecorator$7.execute(EurekaHttpClientDecorator.java:152) ~[eureka-client-1.9.8.jar:1.9.8]
	at com.netflix.discovery.shared.transport.decorator.RetryableEurekaHttpClient.execute(RetryableEurekaHttpClient.java:120) ~[eureka-client-1.9.8.jar:1.9.8]
	at com.netflix.discovery.shared.transport.decorator.EurekaHttpClientDecorator.getDelta(EurekaHttpClientDecorator.java:149) ~[eureka-client-1.9.8.jar:1.9.8]
	at com.netflix.discovery.shared.transport.decorator.EurekaHttpClientDecorator$7.execute(EurekaHttpClientDecorator.java:152) ~[eureka-client-1.9.8.jar:1.9.8]
	at com.netflix.discovery.shared.transport.decorator.SessionedEurekaHttpClient.execute(SessionedEurekaHttpClient.java:77) ~[eureka-client-1.9.8.jar:1.9.8]
	at com.netflix.discovery.shared.transport.decorator.EurekaHttpClientDecorator.getDelta(EurekaHttpClientDecorator.java:149) ~[eureka-client-1.9.8.jar:1.9.8]
	at com.netflix.discovery.DiscoveryClient.getAndUpdateDelta(DiscoveryClient.java:1085) ~[eureka-client-1.9.8.jar:1.9.8]
	at com.netflix.discovery.DiscoveryClient.fetchRegistry(DiscoveryClient.java:967) ~[eureka-client-1.9.8.jar:1.9.8]
	at com.netflix.discovery.DiscoveryClient.refreshRegistry(DiscoveryClient.java:1479) ~[eureka-client-1.9.8.jar:1.9.8]
	at com.netflix.discovery.DiscoveryClient$CacheRefreshThread.run(DiscoveryClient.java:1446) ~[eureka-client-1.9.8.jar:1.9.8]
	at java.base/java.util.concurrent.Executors$RunnableAdapter.call(Executors.java:515) ~[na:na]
	at java.base/java.util.concurrent.FutureTask.run(FutureTask.java:264) ~[na:na]
	at java.base/java.util.concurrent.ThreadPoolExecutor.runWorker(ThreadPoolExecutor.java:1128) ~[na:na]
	at java.base/java.util.concurrent.ThreadPoolExecutor$Worker.run(ThreadPoolExecutor.java:628) ~[na:na]
	at java.base/java.lang.Thread.run(Thread.java:834) ~[na:na]
Caused by: java.net.ConnectException: Connection refused (Connection refused)
	at java.base/java.net.PlainSocketImpl.socketConnect(Native Method) ~[na:na]
	at java.base/java.net.AbstractPlainSocketImpl.doConnect(AbstractPlainSocketImpl.java:399) ~[na:na]
	at java.base/java.net.AbstractPlainSocketImpl.connectToAddress(AbstractPlainSocketImpl.java:242) ~[na:na]
	at java.base/java.net.AbstractPlainSocketImpl.connect(AbstractPlainSocketImpl.java:224) ~[na:na]
	at java.base/java.net.SocksSocketImpl.connect(SocksSocketImpl.java:392) ~[na:na]
	at java.base/java.net.Socket.connect(Socket.java:609) ~[na:na]
	at org.apache.http.conn.scheme.PlainSocketFactory.connectSocket(PlainSocketFactory.java:121) ~[httpclient-4.5.9.jar:4.5.9]
	at org.apache.http.impl.conn.DefaultClientConnectionOperator.openConnection(DefaultClientConnectionOperator.java:180) ~[httpclient-4.5.9.jar:4.5.9]
	at org.apache.http.impl.conn.AbstractPoolEntry.open(AbstractPoolEntry.java:144) ~[httpclient-4.5.9.jar:4.5.9]
	at org.apache.http.impl.conn.AbstractPooledConnAdapter.open(AbstractPooledConnAdapter.java:134) ~[httpclient-4.5.9.jar:4.5.9]
	at org.apache.http.impl.client.DefaultRequestDirector.tryConnect(DefaultRequestDirector.java:605) ~[httpclient-4.5.9.jar:4.5.9]
	at org.apache.http.impl.client.DefaultRequestDirector.execute(DefaultRequestDirector.java:440) ~[httpclient-4.5.9.jar:4.5.9]
	at org.apache.http.impl.client.AbstractHttpClient.doExecute(AbstractHttpClient.java:835) ~[httpclient-4.5.9.jar:4.5.9]
	at org.apache.http.impl.client.CloseableHttpClient.execute(CloseableHttpClient.java:118) ~[httpclient-4.5.9.jar:4.5.9]
	at org.apache.http.impl.client.CloseableHttpClient.execute(CloseableHttpClient.java:56) ~[httpclient-4.5.9.jar:4.5.9]
	at com.sun.jersey.client.apache4.ApacheHttpClient4Handler.handle(ApacheHttpClient4Handler.java:173) ~[jersey-apache-client4-1.19.1.jar:1.19.1]
	... 30 common frames omitted
2021-04-10 01:48:14,349 WARN com.netflix.discovery.shared.transport.decorator.RetryableEurekaHttpClient [DiscoveryClient-CacheRefreshExecutor-0] Request execution failed with message: java.net.ConnectException: Connection refused (Connection refused)
2021-04-10 01:48:14,350 ERROR com.netflix.discovery.DiscoveryClient [DiscoveryClient-CacheRefreshExecutor-0] DiscoveryClient_PRODUCTS/s-a:products:8006 - was unable to refresh its cache! status = Cannot execute request on any known server
com.netflix.discovery.shared.transport.TransportException: Cannot execute request on any known server
	at com.netflix.discovery.shared.transport.decorator.RetryableEurekaHttpClient.execute(RetryableEurekaHttpClient.java:112) ~[eureka-client-1.9.8.jar:1.9.8]
	at com.netflix.discovery.shared.transport.decorator.EurekaHttpClientDecorator.getDelta(EurekaHttpClientDecorator.java:149) ~[eureka-client-1.9.8.jar:1.9.8]
	at com.netflix.discovery.shared.transport.decorator.EurekaHttpClientDecorator$7.execute(EurekaHttpClientDecorator.java:152) ~[eureka-client-1.9.8.jar:1.9.8]
	at com.netflix.discovery.shared.transport.decorator.SessionedEurekaHttpClient.execute(SessionedEurekaHttpClient.java:77) ~[eureka-client-1.9.8.jar:1.9.8]
	at com.netflix.discovery.shared.transport.decorator.EurekaHttpClientDecorator.getDelta(EurekaHttpClientDecorator.java:149) ~[eureka-client-1.9.8.jar:1.9.8]
	at com.netflix.discovery.DiscoveryClient.getAndUpdateDelta(DiscoveryClient.java:1085) ~[eureka-client-1.9.8.jar:1.9.8]
	at com.netflix.discovery.DiscoveryClient.fetchRegistry(DiscoveryClient.java:967) ~[eureka-client-1.9.8.jar:1.9.8]
	at com.netflix.discovery.DiscoveryClient.refreshRegistry(DiscoveryClient.java:1479) ~[eureka-client-1.9.8.jar:1.9.8]
	at com.netflix.discovery.DiscoveryClient$CacheRefreshThread.run(DiscoveryClient.java:1446) ~[eureka-client-1.9.8.jar:1.9.8]
	at java.base/java.util.concurrent.Executors$RunnableAdapter.call(Executors.java:515) ~[na:na]
	at java.base/java.util.concurrent.FutureTask.run(FutureTask.java:264) ~[na:na]
	at java.base/java.util.concurrent.ThreadPoolExecutor.runWorker(ThreadPoolExecutor.java:1128) ~[na:na]
	at java.base/java.util.concurrent.ThreadPoolExecutor$Worker.run(ThreadPoolExecutor.java:628) ~[na:na]
	at java.base/java.lang.Thread.run(Thread.java:834) ~[na:na]
2021-04-10 01:48:14,344 ERROR com.netflix.discovery.shared.transport.decorator.RedirectingEurekaHttpClient [DiscoveryClient-HeartbeatExecutor-0] Request execution error. endpoint=DefaultEndpoint{ serviceUrl='http://127.0.0.1:8761/eureka/}
com.sun.jersey.api.client.ClientHandlerException: java.net.ConnectException: Connection refused (Connection refused)
	at com.sun.jersey.client.apache4.ApacheHttpClient4Handler.handle(ApacheHttpClient4Handler.java:187) ~[jersey-apache-client4-1.19.1.jar:1.19.1]
	at com.sun.jersey.api.client.filter.GZIPContentEncodingFilter.handle(GZIPContentEncodingFilter.java:123) ~[jersey-client-1.19.1.jar:1.19.1]
	at com.netflix.discovery.EurekaIdentityHeaderFilter.handle(EurekaIdentityHeaderFilter.java:27) ~[eureka-client-1.9.8.jar:1.9.8]
	at com.sun.jersey.api.client.Client.handle(Client.java:652) ~[jersey-client-1.19.1.jar:1.19.1]
	at com.sun.jersey.api.client.WebResource.handle(WebResource.java:682) ~[jersey-client-1.19.1.jar:1.19.1]
	at com.sun.jersey.api.client.WebResource.access$200(WebResource.java:74) ~[jersey-client-1.19.1.jar:1.19.1]
	at com.sun.jersey.api.client.WebResource$Builder.put(WebResource.java:529) ~[jersey-client-1.19.1.jar:1.19.1]
	at com.netflix.discovery.shared.transport.jersey.AbstractJerseyEurekaHttpClient.sendHeartBeat(AbstractJerseyEurekaHttpClient.java:102) ~[eureka-client-1.9.8.jar:1.9.8]
	at com.netflix.discovery.shared.transport.decorator.EurekaHttpClientDecorator$3.execute(EurekaHttpClientDecorator.java:92) ~[eureka-client-1.9.8.jar:1.9.8]
	at com.netflix.discovery.shared.transport.decorator.MetricsCollectingEurekaHttpClient.execute(MetricsCollectingEurekaHttpClient.java:73) ~[eureka-client-1.9.8.jar:1.9.8]
	at com.netflix.discovery.shared.transport.decorator.EurekaHttpClientDecorator.sendHeartBeat(EurekaHttpClientDecorator.java:89) ~[eureka-client-1.9.8.jar:1.9.8]
	at com.netflix.discovery.shared.transport.decorator.EurekaHttpClientDecorator$3.execute(EurekaHttpClientDecorator.java:92) ~[eureka-client-1.9.8.jar:1.9.8]
	at com.netflix.discovery.shared.transport.decorator.RedirectingEurekaHttpClient.executeOnNewServer(RedirectingEurekaHttpClient.java:118) ~[eureka-client-1.9.8.jar:1.9.8]
	at com.netflix.discovery.shared.transport.decorator.RedirectingEurekaHttpClient.execute(RedirectingEurekaHttpClient.java:79) ~[eureka-client-1.9.8.jar:1.9.8]
	at com.netflix.discovery.shared.transport.decorator.EurekaHttpClientDecorator.sendHeartBeat(EurekaHttpClientDecorator.java:89) ~[eureka-client-1.9.8.jar:1.9.8]
	at com.netflix.discovery.shared.transport.decorator.EurekaHttpClientDecorator$3.execute(EurekaHttpClientDecorator.java:92) ~[eureka-client-1.9.8.jar:1.9.8]
	at com.netflix.discovery.shared.transport.decorator.RetryableEurekaHttpClient.execute(RetryableEurekaHttpClient.java:120) ~[eureka-client-1.9.8.jar:1.9.8]
	at com.netflix.discovery.shared.transport.decorator.EurekaHttpClientDecorator.sendHeartBeat(EurekaHttpClientDecorator.java:89) ~[eureka-client-1.9.8.jar:1.9.8]
	at com.netflix.discovery.shared.transport.decorator.EurekaHttpClientDecorator$3.execute(EurekaHttpClientDecorator.java:92) ~[eureka-client-1.9.8.jar:1.9.8]
	at com.netflix.discovery.shared.transport.decorator.SessionedEurekaHttpClient.execute(SessionedEurekaHttpClient.java:77) ~[eureka-client-1.9.8.jar:1.9.8]
	at com.netflix.discovery.shared.transport.decorator.EurekaHttpClientDecorator.sendHeartBeat(EurekaHttpClientDecorator.java:89) ~[eureka-client-1.9.8.jar:1.9.8]
	at com.netflix.discovery.DiscoveryClient.renew(DiscoveryClient.java:846) ~[eureka-client-1.9.8.jar:1.9.8]
	at com.netflix.discovery.DiscoveryClient$HeartbeatThread.run(DiscoveryClient.java:1405) ~[eureka-client-1.9.8.jar:1.9.8]
	at java.base/java.util.concurrent.Executors$RunnableAdapter.call(Executors.java:515) ~[na:na]
	at java.base/java.util.concurrent.FutureTask.run(FutureTask.java:264) ~[na:na]
	at java.base/java.util.concurrent.ThreadPoolExecutor.runWorker(ThreadPoolExecutor.java:1128) ~[na:na]
	at java.base/java.util.concurrent.ThreadPoolExecutor$Worker.run(ThreadPoolExecutor.java:628) ~[na:na]
	at java.base/java.lang.Thread.run(Thread.java:834) ~[na:na]
Caused by: java.net.ConnectException: Connection refused (Connection refused)
	at java.base/java.net.PlainSocketImpl.socketConnect(Native Method) ~[na:na]
	at java.base/java.net.AbstractPlainSocketImpl.doConnect(AbstractPlainSocketImpl.java:399) ~[na:na]
	at java.base/java.net.AbstractPlainSocketImpl.connectToAddress(AbstractPlainSocketImpl.java:242) ~[na:na]
	at java.base/java.net.AbstractPlainSocketImpl.connect(AbstractPlainSocketImpl.java:224) ~[na:na]
	at java.base/java.net.SocksSocketImpl.connect(SocksSocketImpl.java:392) ~[na:na]
	at java.base/java.net.Socket.connect(Socket.java:609) ~[na:na]
	at org.apache.http.conn.scheme.PlainSocketFactory.connectSocket(PlainSocketFactory.java:121) ~[httpclient-4.5.9.jar:4.5.9]
	at org.apache.http.impl.conn.DefaultClientConnectionOperator.openConnection(DefaultClientConnectionOperator.java:180) ~[httpclient-4.5.9.jar:4.5.9]
	at org.apache.http.impl.conn.AbstractPoolEntry.open(AbstractPoolEntry.java:144) ~[httpclient-4.5.9.jar:4.5.9]
	at org.apache.http.impl.conn.AbstractPooledConnAdapter.open(AbstractPooledConnAdapter.java:134) ~[httpclient-4.5.9.jar:4.5.9]
	at org.apache.http.impl.client.DefaultRequestDirector.tryConnect(DefaultRequestDirector.java:605) ~[httpclient-4.5.9.jar:4.5.9]
	at org.apache.http.impl.client.DefaultRequestDirector.execute(DefaultRequestDirector.java:440) ~[httpclient-4.5.9.jar:4.5.9]
	at org.apache.http.impl.client.AbstractHttpClient.doExecute(AbstractHttpClient.java:835) ~[httpclient-4.5.9.jar:4.5.9]
	at org.apache.http.impl.client.CloseableHttpClient.execute(CloseableHttpClient.java:118) ~[httpclient-4.5.9.jar:4.5.9]
	at org.apache.http.impl.client.CloseableHttpClient.execute(CloseableHttpClient.java:56) ~[httpclient-4.5.9.jar:4.5.9]
	at com.sun.jersey.client.apache4.ApacheHttpClient4Handler.handle(ApacheHttpClient4Handler.java:173) ~[jersey-apache-client4-1.19.1.jar:1.19.1]
	... 27 common frames omitted
2021-04-10 01:48:14,353 WARN com.netflix.discovery.shared.transport.decorator.RetryableEurekaHttpClient [DiscoveryClient-HeartbeatExecutor-0] Request execution failed with message: java.net.ConnectException: Connection refused (Connection refused)
2021-04-10 01:48:14,353 ERROR com.netflix.discovery.DiscoveryClient [DiscoveryClient-HeartbeatExecutor-0] DiscoveryClient_PRODUCTS/s-a:products:8006 - was unable to send heartbeat!
com.netflix.discovery.shared.transport.TransportException: Cannot execute request on any known server
	at com.netflix.discovery.shared.transport.decorator.RetryableEurekaHttpClient.execute(RetryableEurekaHttpClient.java:112) ~[eureka-client-1.9.8.jar:1.9.8]
	at com.netflix.discovery.shared.transport.decorator.EurekaHttpClientDecorator.sendHeartBeat(EurekaHttpClientDecorator.java:89) ~[eureka-client-1.9.8.jar:1.9.8]
	at com.netflix.discovery.shared.transport.decorator.EurekaHttpClientDecorator$3.execute(EurekaHttpClientDecorator.java:92) ~[eureka-client-1.9.8.jar:1.9.8]
	at com.netflix.discovery.shared.transport.decorator.SessionedEurekaHttpClient.execute(SessionedEurekaHttpClient.java:77) ~[eureka-client-1.9.8.jar:1.9.8]
	at com.netflix.discovery.shared.transport.decorator.EurekaHttpClientDecorator.sendHeartBeat(EurekaHttpClientDecorator.java:89) ~[eureka-client-1.9.8.jar:1.9.8]
	at com.netflix.discovery.DiscoveryClient.renew(DiscoveryClient.java:846) ~[eureka-client-1.9.8.jar:1.9.8]
	at com.netflix.discovery.DiscoveryClient$HeartbeatThread.run(DiscoveryClient.java:1405) ~[eureka-client-1.9.8.jar:1.9.8]
	at java.base/java.util.concurrent.Executors$RunnableAdapter.call(Executors.java:515) ~[na:na]
	at java.base/java.util.concurrent.FutureTask.run(FutureTask.java:264) ~[na:na]
	at java.base/java.util.concurrent.ThreadPoolExecutor.runWorker(ThreadPoolExecutor.java:1128) ~[na:na]
	at java.base/java.util.concurrent.ThreadPoolExecutor$Worker.run(ThreadPoolExecutor.java:628) ~[na:na]
	at java.base/java.lang.Thread.run(Thread.java:834) ~[na:na]
2021-04-10 01:48:24,447 WARN com.netflix.discovery.DiscoveryClient [Thread-27] Saw local status change event StatusChangeEvent [timestamp=1618037304447, current=DOWN, previous=UP]
2021-04-10 01:48:24,447 INFO com.netflix.discovery.DiscoveryClient [DiscoveryClient-InstanceInfoReplicator-0] DiscoveryClient_PRODUCTS/s-a:products:8006: registering service...
2021-04-10 01:48:24,451 INFO com.netflix.discovery.DiscoveryClient [DiscoveryClient-InstanceInfoReplicator-0] DiscoveryClient_PRODUCTS/s-a:products:8006 - registration status: 204
2021-04-10 01:48:25,146 INFO com.netflix.discovery.DiscoveryClient [Thread-27] Shutting down DiscoveryClient ...
2021-04-10 01:48:28,146 INFO com.netflix.discovery.DiscoveryClient [Thread-27] Unregistering ...
2021-04-10 01:48:28,152 INFO com.netflix.discovery.DiscoveryClient [Thread-27] DiscoveryClient_PRODUCTS/s-a:products:8006 - deregister  status: 200
2021-04-10 01:48:28,157 INFO com.netflix.discovery.DiscoveryClient [Thread-27] Completed shut down of DiscoveryClient
2021-04-10 01:48:51,868 INFO mx.ikii.products.IkiiBackProductsApplication [restartedMain] The following profiles are active: development
2021-04-10 01:48:53,507 INFO org.apache.catalina.core.StandardService [restartedMain] Starting service [Tomcat]
2021-04-10 01:48:53,507 INFO org.apache.catalina.core.StandardEngine [restartedMain] Starting Servlet engine: [Apache Tomcat/9.0.21]
2021-04-10 01:48:53,576 INFO org.apache.catalina.core.ContainerBase.[Tomcat].[localhost].[/products] [restartedMain] Initializing Spring embedded WebApplicationContext
2021-04-10 01:48:53,713 WARN com.netflix.config.sources.URLConfigurationSource [restartedMain] No URLs will be polled as dynamic configuration sources.
2021-04-10 01:48:53,713 INFO com.netflix.config.sources.URLConfigurationSource [restartedMain] To enable URLs as dynamic configuration sources, define System property archaius.configurationSource.additionalUrls or make config.properties available on classpath.
2021-04-10 01:48:53,718 INFO com.netflix.config.DynamicPropertyFactory [restartedMain] DynamicPropertyFactory is initialized with configuration sources: com.netflix.config.ConcurrentCompositeConfiguration@69ef5f60
2021-04-10 01:48:54,125 INFO org.mongodb.driver.cluster [restartedMain] Cluster created with settings {hosts=[localhost:27020], mode=SINGLE, requiredClusterType=UNKNOWN, serverSelectionTimeout='30000 ms', maxWaitQueueSize=30000000}
2021-04-10 01:48:54,151 INFO org.mongodb.driver.connection [cluster-ClusterId{value='60714a569c852440398c54a7', description='null'}-localhost:27020] Opened connection [connectionId{localValue:1, serverValue:101}] to localhost:27020
2021-04-10 01:48:54,155 INFO org.mongodb.driver.cluster [cluster-ClusterId{value='60714a569c852440398c54a7', description='null'}-localhost:27020] Monitor thread successfully connected to server with description ServerDescription{address=localhost:27020, type=STANDALONE, state=CONNECTED, ok=true, version=ServerVersion{versionList=[4, 4, 0]}, minWireVersion=0, maxWireVersion=9, maxDocumentSize=16777216, logicalSessionTimeoutMinutes=30, roundTripTimeNanos=1953755}
2021-04-10 01:48:55,007 INFO org.mongodb.driver.connection [restartedMain] Opened connection [connectionId{localValue:2, serverValue:102}] to localhost:27020
2021-04-10 01:48:55,434 WARN com.netflix.config.sources.URLConfigurationSource [restartedMain] No URLs will be polled as dynamic configuration sources.
2021-04-10 01:48:55,434 INFO com.netflix.config.sources.URLConfigurationSource [restartedMain] To enable URLs as dynamic configuration sources, define System property archaius.configurationSource.additionalUrls or make config.properties available on classpath.
2021-04-10 01:48:56,325 INFO com.netflix.discovery.DiscoveryClient [restartedMain] Initializing Eureka in region us-east-1
2021-04-10 01:48:56,347 INFO com.netflix.discovery.provider.DiscoveryJerseyProvider [restartedMain] Using JSON encoding codec LegacyJacksonJson
2021-04-10 01:48:56,347 INFO com.netflix.discovery.provider.DiscoveryJerseyProvider [restartedMain] Using JSON decoding codec LegacyJacksonJson
2021-04-10 01:48:56,423 INFO com.netflix.discovery.provider.DiscoveryJerseyProvider [restartedMain] Using XML encoding codec XStreamXml
2021-04-10 01:48:56,423 INFO com.netflix.discovery.provider.DiscoveryJerseyProvider [restartedMain] Using XML decoding codec XStreamXml
2021-04-10 01:48:56,519 INFO com.netflix.discovery.shared.resolver.aws.ConfigClusterResolver [restartedMain] Resolving eureka endpoints via configuration
2021-04-10 01:48:56,528 INFO com.netflix.discovery.DiscoveryClient [restartedMain] Disable delta property : false
2021-04-10 01:48:56,528 INFO com.netflix.discovery.DiscoveryClient [restartedMain] Single vip registry refresh property : null
2021-04-10 01:48:56,528 INFO com.netflix.discovery.DiscoveryClient [restartedMain] Force full registry fetch : false
2021-04-10 01:48:56,528 INFO com.netflix.discovery.DiscoveryClient [restartedMain] Application is null : false
2021-04-10 01:48:56,528 INFO com.netflix.discovery.DiscoveryClient [restartedMain] Registered Applications size is zero : true
2021-04-10 01:48:56,528 INFO com.netflix.discovery.DiscoveryClient [restartedMain] Application version is -1: true
2021-04-10 01:48:56,528 INFO com.netflix.discovery.DiscoveryClient [restartedMain] Getting all instance registry info from the eureka server
2021-04-10 01:48:56,585 INFO com.netflix.discovery.DiscoveryClient [restartedMain] The response status is 200
2021-04-10 01:48:56,586 INFO com.netflix.discovery.DiscoveryClient [restartedMain] Starting heartbeat executor: renew interval is: 30
2021-04-10 01:48:56,588 INFO com.netflix.discovery.InstanceInfoReplicator [restartedMain] InstanceInfoReplicator onDemand update allowed rate per min is 4
2021-04-10 01:48:56,590 INFO com.netflix.discovery.DiscoveryClient [restartedMain] Discovery Client initialized at timestamp 1618037336590 with initial instances count: 1
2021-04-10 01:48:56,596 INFO com.netflix.discovery.DiscoveryClient [restartedMain] Saw local status change event StatusChangeEvent [timestamp=1618037336596, current=UP, previous=STARTING]
2021-04-10 01:48:56,598 INFO com.netflix.discovery.DiscoveryClient [DiscoveryClient-InstanceInfoReplicator-0] DiscoveryClient_PRODUCTS/s-a:products:8006: registering service...
2021-04-10 01:48:56,615 INFO com.netflix.discovery.DiscoveryClient [DiscoveryClient-InstanceInfoReplicator-0] DiscoveryClient_PRODUCTS/s-a:products:8006 - registration status: 204
2021-04-10 01:48:56,627 INFO mx.ikii.products.IkiiBackProductsApplication [restartedMain] Started IkiiBackProductsApplication in 6.882 seconds (JVM running for 7.468)
2021-04-10 01:48:56,986 INFO org.apache.catalina.core.ContainerBase.[Tomcat].[localhost].[/products] [RMI TCP Connection(2)-192.168.0.11] Initializing Spring DispatcherServlet 'dispatcherServlet'
2021-04-10 01:53:56,530 INFO com.netflix.discovery.shared.resolver.aws.ConfigClusterResolver [AsyncResolver-bootstrap-executor-0] Resolving eureka endpoints via configuration
2021-04-10 01:58:56,532 INFO com.netflix.discovery.shared.resolver.aws.ConfigClusterResolver [AsyncResolver-bootstrap-executor-0] Resolving eureka endpoints via configuration
2021-04-10 02:03:56,533 INFO com.netflix.discovery.shared.resolver.aws.ConfigClusterResolver [AsyncResolver-bootstrap-executor-0] Resolving eureka endpoints via configuration
2021-04-10 02:08:56,534 INFO com.netflix.discovery.shared.resolver.aws.ConfigClusterResolver [AsyncResolver-bootstrap-executor-0] Resolving eureka endpoints via configuration
2021-04-10 02:13:56,534 INFO com.netflix.discovery.shared.resolver.aws.ConfigClusterResolver [AsyncResolver-bootstrap-executor-0] Resolving eureka endpoints via configuration
2021-04-10 02:18:56,535 INFO com.netflix.discovery.shared.resolver.aws.ConfigClusterResolver [AsyncResolver-bootstrap-executor-0] Resolving eureka endpoints via configuration
2021-04-10 02:20:43,550 WARN com.netflix.discovery.DiscoveryClient [Thread-9] Saw local status change event StatusChangeEvent [timestamp=1618039243550, current=DOWN, previous=UP]
2021-04-10 02:20:43,550 INFO com.netflix.discovery.DiscoveryClient [DiscoveryClient-InstanceInfoReplicator-0] DiscoveryClient_PRODUCTS/s-a:products:8006: registering service...
2021-04-10 02:20:43,554 INFO com.netflix.discovery.DiscoveryClient [DiscoveryClient-InstanceInfoReplicator-0] DiscoveryClient_PRODUCTS/s-a:products:8006 - registration status: 204
2021-04-10 02:20:44,206 INFO com.netflix.discovery.DiscoveryClient [Thread-9] Shutting down DiscoveryClient ...
2021-04-10 02:20:47,207 INFO com.netflix.discovery.DiscoveryClient [Thread-9] Unregistering ...
2021-04-10 02:20:47,212 ERROR com.netflix.discovery.shared.transport.decorator.RedirectingEurekaHttpClient [Thread-9] Request execution error. endpoint=DefaultEndpoint{ serviceUrl='http://127.0.0.1:8761/eureka/}
com.sun.jersey.api.client.ClientHandlerException: java.net.ConnectException: Connection refused (Connection refused)
	at com.sun.jersey.client.apache4.ApacheHttpClient4Handler.handle(ApacheHttpClient4Handler.java:187) ~[jersey-apache-client4-1.19.1.jar:1.19.1]
	at com.sun.jersey.api.client.filter.GZIPContentEncodingFilter.handle(GZIPContentEncodingFilter.java:123) ~[jersey-client-1.19.1.jar:1.19.1]
	at com.netflix.discovery.EurekaIdentityHeaderFilter.handle(EurekaIdentityHeaderFilter.java:27) ~[eureka-client-1.9.8.jar:1.9.8]
	at com.sun.jersey.api.client.Client.handle(Client.java:652) ~[jersey-client-1.19.1.jar:1.19.1]
	at com.sun.jersey.api.client.WebResource.handle(WebResource.java:682) ~[jersey-client-1.19.1.jar:1.19.1]
	at com.sun.jersey.api.client.WebResource.access$200(WebResource.java:74) ~[jersey-client-1.19.1.jar:1.19.1]
	at com.sun.jersey.api.client.WebResource$Builder.delete(WebResource.java:591) ~[jersey-client-1.19.1.jar:1.19.1]
	at com.netflix.discovery.shared.transport.jersey.AbstractJerseyEurekaHttpClient.cancel(AbstractJerseyEurekaHttpClient.java:76) ~[eureka-client-1.9.8.jar:1.9.8]
	at com.netflix.discovery.shared.transport.decorator.EurekaHttpClientDecorator$2.execute(EurekaHttpClientDecorator.java:74) ~[eureka-client-1.9.8.jar:1.9.8]
	at com.netflix.discovery.shared.transport.decorator.MetricsCollectingEurekaHttpClient.execute(MetricsCollectingEurekaHttpClient.java:73) ~[eureka-client-1.9.8.jar:1.9.8]
	at com.netflix.discovery.shared.transport.decorator.EurekaHttpClientDecorator.cancel(EurekaHttpClientDecorator.java:71) ~[eureka-client-1.9.8.jar:1.9.8]
	at com.netflix.discovery.shared.transport.decorator.EurekaHttpClientDecorator$2.execute(EurekaHttpClientDecorator.java:74) ~[eureka-client-1.9.8.jar:1.9.8]
	at com.netflix.discovery.shared.transport.decorator.RedirectingEurekaHttpClient.execute(RedirectingEurekaHttpClient.java:89) ~[eureka-client-1.9.8.jar:1.9.8]
	at com.netflix.discovery.shared.transport.decorator.EurekaHttpClientDecorator.cancel(EurekaHttpClientDecorator.java:71) ~[eureka-client-1.9.8.jar:1.9.8]
	at com.netflix.discovery.shared.transport.decorator.EurekaHttpClientDecorator$2.execute(EurekaHttpClientDecorator.java:74) ~[eureka-client-1.9.8.jar:1.9.8]
	at com.netflix.discovery.shared.transport.decorator.RetryableEurekaHttpClient.execute(RetryableEurekaHttpClient.java:120) ~[eureka-client-1.9.8.jar:1.9.8]
	at com.netflix.discovery.shared.transport.decorator.EurekaHttpClientDecorator.cancel(EurekaHttpClientDecorator.java:71) ~[eureka-client-1.9.8.jar:1.9.8]
	at com.netflix.discovery.shared.transport.decorator.EurekaHttpClientDecorator$2.execute(EurekaHttpClientDecorator.java:74) ~[eureka-client-1.9.8.jar:1.9.8]
	at com.netflix.discovery.shared.transport.decorator.SessionedEurekaHttpClient.execute(SessionedEurekaHttpClient.java:77) ~[eureka-client-1.9.8.jar:1.9.8]
	at com.netflix.discovery.shared.transport.decorator.EurekaHttpClientDecorator.cancel(EurekaHttpClientDecorator.java:71) ~[eureka-client-1.9.8.jar:1.9.8]
	at com.netflix.discovery.DiscoveryClient.unregister(DiscoveryClient.java:923) ~[eureka-client-1.9.8.jar:1.9.8]
	at com.netflix.discovery.DiscoveryClient.shutdown(DiscoveryClient.java:901) ~[eureka-client-1.9.8.jar:1.9.8]
	at java.base/jdk.internal.reflect.NativeMethodAccessorImpl.invoke0(Native Method) ~[na:na]
	at java.base/jdk.internal.reflect.NativeMethodAccessorImpl.invoke(NativeMethodAccessorImpl.java:62) ~[na:na]
	at java.base/jdk.internal.reflect.DelegatingMethodAccessorImpl.invoke(DelegatingMethodAccessorImpl.java:43) ~[na:na]
	at java.base/java.lang.reflect.Method.invoke(Method.java:566) ~[na:na]
	at org.springframework.beans.factory.annotation.InitDestroyAnnotationBeanPostProcessor$LifecycleElement.invoke(InitDestroyAnnotationBeanPostProcessor.java:363) ~[spring-beans-5.1.8.RELEASE.jar:5.1.8.RELEASE]
	at org.springframework.beans.factory.annotation.InitDestroyAnnotationBeanPostProcessor$LifecycleMetadata.invokeDestroyMethods(InitDestroyAnnotationBeanPostProcessor.java:321) ~[spring-beans-5.1.8.RELEASE.jar:5.1.8.RELEASE]
	at org.springframework.beans.factory.annotation.InitDestroyAnnotationBeanPostProcessor.postProcessBeforeDestruction(InitDestroyAnnotationBeanPostProcessor.java:156) ~[spring-beans-5.1.8.RELEASE.jar:5.1.8.RELEASE]
	at org.springframework.beans.factory.support.DisposableBeanAdapter.destroy(DisposableBeanAdapter.java:242) ~[spring-beans-5.1.8.RELEASE.jar:5.1.8.RELEASE]
	at org.springframework.beans.factory.support.DisposableBeanAdapter.run(DisposableBeanAdapter.java:235) ~[spring-beans-5.1.8.RELEASE.jar:5.1.8.RELEASE]
	at org.springframework.cloud.context.scope.GenericScope$BeanLifecycleWrapper.destroy(GenericScope.java:403) ~[spring-cloud-context-2.1.1.RELEASE.jar:2.1.1.RELEASE]
	at org.springframework.cloud.context.scope.GenericScope.destroy(GenericScope.java:142) ~[spring-cloud-context-2.1.1.RELEASE.jar:2.1.1.RELEASE]
	at org.springframework.beans.factory.support.DisposableBeanAdapter.destroy(DisposableBeanAdapter.java:258) ~[spring-beans-5.1.8.RELEASE.jar:5.1.8.RELEASE]
	at org.springframework.beans.factory.support.DefaultSingletonBeanRegistry.destroyBean(DefaultSingletonBeanRegistry.java:571) ~[spring-beans-5.1.8.RELEASE.jar:5.1.8.RELEASE]
	at org.springframework.beans.factory.support.DefaultSingletonBeanRegistry.destroySingleton(DefaultSingletonBeanRegistry.java:543) ~[spring-beans-5.1.8.RELEASE.jar:5.1.8.RELEASE]
	at org.springframework.beans.factory.support.DefaultListableBeanFactory.destroySingleton(DefaultListableBeanFactory.java:1036) ~[spring-beans-5.1.8.RELEASE.jar:5.1.8.RELEASE]
	at org.springframework.beans.factory.support.DefaultSingletonBeanRegistry.destroySingletons(DefaultSingletonBeanRegistry.java:504) ~[spring-beans-5.1.8.RELEASE.jar:5.1.8.RELEASE]
	at org.springframework.beans.factory.support.DefaultListableBeanFactory.destroySingletons(DefaultListableBeanFactory.java:1029) ~[spring-beans-5.1.8.RELEASE.jar:5.1.8.RELEASE]
	at org.springframework.context.support.AbstractApplicationContext.destroyBeans(AbstractApplicationContext.java:1057) ~[spring-context-5.1.8.RELEASE.jar:5.1.8.RELEASE]
	at org.springframework.context.support.AbstractApplicationContext.doClose(AbstractApplicationContext.java:1026) ~[spring-context-5.1.8.RELEASE.jar:5.1.8.RELEASE]
	at org.springframework.context.support.AbstractApplicationContext$1.run(AbstractApplicationContext.java:945) ~[spring-context-5.1.8.RELEASE.jar:5.1.8.RELEASE]
Caused by: java.net.ConnectException: Connection refused (Connection refused)
	at java.base/java.net.PlainSocketImpl.socketConnect(Native Method) ~[na:na]
	at java.base/java.net.AbstractPlainSocketImpl.doConnect(AbstractPlainSocketImpl.java:399) ~[na:na]
	at java.base/java.net.AbstractPlainSocketImpl.connectToAddress(AbstractPlainSocketImpl.java:242) ~[na:na]
	at java.base/java.net.AbstractPlainSocketImpl.connect(AbstractPlainSocketImpl.java:224) ~[na:na]
	at java.base/java.net.SocksSocketImpl.connect(SocksSocketImpl.java:392) ~[na:na]
	at java.base/java.net.Socket.connect(Socket.java:609) ~[na:na]
	at org.apache.http.conn.scheme.PlainSocketFactory.connectSocket(PlainSocketFactory.java:121) ~[httpclient-4.5.9.jar:4.5.9]
	at org.apache.http.impl.conn.DefaultClientConnectionOperator.openConnection(DefaultClientConnectionOperator.java:180) ~[httpclient-4.5.9.jar:4.5.9]
	at org.apache.http.impl.conn.AbstractPoolEntry.open(AbstractPoolEntry.java:144) ~[httpclient-4.5.9.jar:4.5.9]
	at org.apache.http.impl.conn.AbstractPooledConnAdapter.open(AbstractPooledConnAdapter.java:134) ~[httpclient-4.5.9.jar:4.5.9]
	at org.apache.http.impl.client.DefaultRequestDirector.tryConnect(DefaultRequestDirector.java:605) ~[httpclient-4.5.9.jar:4.5.9]
	at org.apache.http.impl.client.DefaultRequestDirector.execute(DefaultRequestDirector.java:440) ~[httpclient-4.5.9.jar:4.5.9]
	at org.apache.http.impl.client.AbstractHttpClient.doExecute(AbstractHttpClient.java:835) ~[httpclient-4.5.9.jar:4.5.9]
	at org.apache.http.impl.client.CloseableHttpClient.execute(CloseableHttpClient.java:118) ~[httpclient-4.5.9.jar:4.5.9]
	at org.apache.http.impl.client.CloseableHttpClient.execute(CloseableHttpClient.java:56) ~[httpclient-4.5.9.jar:4.5.9]
	at com.sun.jersey.client.apache4.ApacheHttpClient4Handler.handle(ApacheHttpClient4Handler.java:173) ~[jersey-apache-client4-1.19.1.jar:1.19.1]
	... 41 common frames omitted
2021-04-10 02:20:47,212 WARN com.netflix.discovery.shared.transport.decorator.RetryableEurekaHttpClient [Thread-9] Request execution failed with message: java.net.ConnectException: Connection refused (Connection refused)
2021-04-10 02:20:47,214 ERROR com.netflix.discovery.shared.transport.decorator.RedirectingEurekaHttpClient [Thread-9] Request execution error. endpoint=DefaultEndpoint{ serviceUrl='http://127.0.0.1:8761/eureka/}
com.sun.jersey.api.client.ClientHandlerException: java.net.ConnectException: Connection refused (Connection refused)
	at com.sun.jersey.client.apache4.ApacheHttpClient4Handler.handle(ApacheHttpClient4Handler.java:187) ~[jersey-apache-client4-1.19.1.jar:1.19.1]
	at com.sun.jersey.api.client.filter.GZIPContentEncodingFilter.handle(GZIPContentEncodingFilter.java:123) ~[jersey-client-1.19.1.jar:1.19.1]
	at com.netflix.discovery.EurekaIdentityHeaderFilter.handle(EurekaIdentityHeaderFilter.java:27) ~[eureka-client-1.9.8.jar:1.9.8]
	at com.sun.jersey.api.client.Client.handle(Client.java:652) ~[jersey-client-1.19.1.jar:1.19.1]
	at com.sun.jersey.api.client.WebResource.handle(WebResource.java:682) ~[jersey-client-1.19.1.jar:1.19.1]
	at com.sun.jersey.api.client.WebResource.access$200(WebResource.java:74) ~[jersey-client-1.19.1.jar:1.19.1]
	at com.sun.jersey.api.client.WebResource$Builder.delete(WebResource.java:591) ~[jersey-client-1.19.1.jar:1.19.1]
	at com.netflix.discovery.shared.transport.jersey.AbstractJerseyEurekaHttpClient.cancel(AbstractJerseyEurekaHttpClient.java:76) ~[eureka-client-1.9.8.jar:1.9.8]
	at com.netflix.discovery.shared.transport.decorator.EurekaHttpClientDecorator$2.execute(EurekaHttpClientDecorator.java:74) ~[eureka-client-1.9.8.jar:1.9.8]
	at com.netflix.discovery.shared.transport.decorator.MetricsCollectingEurekaHttpClient.execute(MetricsCollectingEurekaHttpClient.java:73) ~[eureka-client-1.9.8.jar:1.9.8]
	at com.netflix.discovery.shared.transport.decorator.EurekaHttpClientDecorator.cancel(EurekaHttpClientDecorator.java:71) ~[eureka-client-1.9.8.jar:1.9.8]
	at com.netflix.discovery.shared.transport.decorator.EurekaHttpClientDecorator$2.execute(EurekaHttpClientDecorator.java:74) ~[eureka-client-1.9.8.jar:1.9.8]
	at com.netflix.discovery.shared.transport.decorator.RedirectingEurekaHttpClient.executeOnNewServer(RedirectingEurekaHttpClient.java:118) ~[eureka-client-1.9.8.jar:1.9.8]
	at com.netflix.discovery.shared.transport.decorator.RedirectingEurekaHttpClient.execute(RedirectingEurekaHttpClient.java:79) ~[eureka-client-1.9.8.jar:1.9.8]
	at com.netflix.discovery.shared.transport.decorator.EurekaHttpClientDecorator.cancel(EurekaHttpClientDecorator.java:71) ~[eureka-client-1.9.8.jar:1.9.8]
	at com.netflix.discovery.shared.transport.decorator.EurekaHttpClientDecorator$2.execute(EurekaHttpClientDecorator.java:74) ~[eureka-client-1.9.8.jar:1.9.8]
	at com.netflix.discovery.shared.transport.decorator.RetryableEurekaHttpClient.execute(RetryableEurekaHttpClient.java:120) ~[eureka-client-1.9.8.jar:1.9.8]
	at com.netflix.discovery.shared.transport.decorator.EurekaHttpClientDecorator.cancel(EurekaHttpClientDecorator.java:71) ~[eureka-client-1.9.8.jar:1.9.8]
	at com.netflix.discovery.shared.transport.decorator.EurekaHttpClientDecorator$2.execute(EurekaHttpClientDecorator.java:74) ~[eureka-client-1.9.8.jar:1.9.8]
	at com.netflix.discovery.shared.transport.decorator.SessionedEurekaHttpClient.execute(SessionedEurekaHttpClient.java:77) ~[eureka-client-1.9.8.jar:1.9.8]
	at com.netflix.discovery.shared.transport.decorator.EurekaHttpClientDecorator.cancel(EurekaHttpClientDecorator.java:71) ~[eureka-client-1.9.8.jar:1.9.8]
	at com.netflix.discovery.DiscoveryClient.unregister(DiscoveryClient.java:923) ~[eureka-client-1.9.8.jar:1.9.8]
	at com.netflix.discovery.DiscoveryClient.shutdown(DiscoveryClient.java:901) ~[eureka-client-1.9.8.jar:1.9.8]
	at java.base/jdk.internal.reflect.NativeMethodAccessorImpl.invoke0(Native Method) ~[na:na]
	at java.base/jdk.internal.reflect.NativeMethodAccessorImpl.invoke(NativeMethodAccessorImpl.java:62) ~[na:na]
	at java.base/jdk.internal.reflect.DelegatingMethodAccessorImpl.invoke(DelegatingMethodAccessorImpl.java:43) ~[na:na]
	at java.base/java.lang.reflect.Method.invoke(Method.java:566) ~[na:na]
	at org.springframework.beans.factory.annotation.InitDestroyAnnotationBeanPostProcessor$LifecycleElement.invoke(InitDestroyAnnotationBeanPostProcessor.java:363) ~[spring-beans-5.1.8.RELEASE.jar:5.1.8.RELEASE]
	at org.springframework.beans.factory.annotation.InitDestroyAnnotationBeanPostProcessor$LifecycleMetadata.invokeDestroyMethods(InitDestroyAnnotationBeanPostProcessor.java:321) ~[spring-beans-5.1.8.RELEASE.jar:5.1.8.RELEASE]
	at org.springframework.beans.factory.annotation.InitDestroyAnnotationBeanPostProcessor.postProcessBeforeDestruction(InitDestroyAnnotationBeanPostProcessor.java:156) ~[spring-beans-5.1.8.RELEASE.jar:5.1.8.RELEASE]
	at org.springframework.beans.factory.support.DisposableBeanAdapter.destroy(DisposableBeanAdapter.java:242) ~[spring-beans-5.1.8.RELEASE.jar:5.1.8.RELEASE]
	at org.springframework.beans.factory.support.DisposableBeanAdapter.run(DisposableBeanAdapter.java:235) ~[spring-beans-5.1.8.RELEASE.jar:5.1.8.RELEASE]
	at org.springframework.cloud.context.scope.GenericScope$BeanLifecycleWrapper.destroy(GenericScope.java:403) ~[spring-cloud-context-2.1.1.RELEASE.jar:2.1.1.RELEASE]
	at org.springframework.cloud.context.scope.GenericScope.destroy(GenericScope.java:142) ~[spring-cloud-context-2.1.1.RELEASE.jar:2.1.1.RELEASE]
	at org.springframework.beans.factory.support.DisposableBeanAdapter.destroy(DisposableBeanAdapter.java:258) ~[spring-beans-5.1.8.RELEASE.jar:5.1.8.RELEASE]
	at org.springframework.beans.factory.support.DefaultSingletonBeanRegistry.destroyBean(DefaultSingletonBeanRegistry.java:571) ~[spring-beans-5.1.8.RELEASE.jar:5.1.8.RELEASE]
	at org.springframework.beans.factory.support.DefaultSingletonBeanRegistry.destroySingleton(DefaultSingletonBeanRegistry.java:543) ~[spring-beans-5.1.8.RELEASE.jar:5.1.8.RELEASE]
	at org.springframework.beans.factory.support.DefaultListableBeanFactory.destroySingleton(DefaultListableBeanFactory.java:1036) ~[spring-beans-5.1.8.RELEASE.jar:5.1.8.RELEASE]
	at org.springframework.beans.factory.support.DefaultSingletonBeanRegistry.destroySingletons(DefaultSingletonBeanRegistry.java:504) ~[spring-beans-5.1.8.RELEASE.jar:5.1.8.RELEASE]
	at org.springframework.beans.factory.support.DefaultListableBeanFactory.destroySingletons(DefaultListableBeanFactory.java:1029) ~[spring-beans-5.1.8.RELEASE.jar:5.1.8.RELEASE]
	at org.springframework.context.support.AbstractApplicationContext.destroyBeans(AbstractApplicationContext.java:1057) ~[spring-context-5.1.8.RELEASE.jar:5.1.8.RELEASE]
	at org.springframework.context.support.AbstractApplicationContext.doClose(AbstractApplicationContext.java:1026) ~[spring-context-5.1.8.RELEASE.jar:5.1.8.RELEASE]
	at org.springframework.context.support.AbstractApplicationContext$1.run(AbstractApplicationContext.java:945) ~[spring-context-5.1.8.RELEASE.jar:5.1.8.RELEASE]
Caused by: java.net.ConnectException: Connection refused (Connection refused)
	at java.base/java.net.PlainSocketImpl.socketConnect(Native Method) ~[na:na]
	at java.base/java.net.AbstractPlainSocketImpl.doConnect(AbstractPlainSocketImpl.java:399) ~[na:na]
	at java.base/java.net.AbstractPlainSocketImpl.connectToAddress(AbstractPlainSocketImpl.java:242) ~[na:na]
	at java.base/java.net.AbstractPlainSocketImpl.connect(AbstractPlainSocketImpl.java:224) ~[na:na]
	at java.base/java.net.SocksSocketImpl.connect(SocksSocketImpl.java:392) ~[na:na]
	at java.base/java.net.Socket.connect(Socket.java:609) ~[na:na]
	at org.apache.http.conn.scheme.PlainSocketFactory.connectSocket(PlainSocketFactory.java:121) ~[httpclient-4.5.9.jar:4.5.9]
	at org.apache.http.impl.conn.DefaultClientConnectionOperator.openConnection(DefaultClientConnectionOperator.java:180) ~[httpclient-4.5.9.jar:4.5.9]
	at org.apache.http.impl.conn.AbstractPoolEntry.open(AbstractPoolEntry.java:144) ~[httpclient-4.5.9.jar:4.5.9]
	at org.apache.http.impl.conn.AbstractPooledConnAdapter.open(AbstractPooledConnAdapter.java:134) ~[httpclient-4.5.9.jar:4.5.9]
	at org.apache.http.impl.client.DefaultRequestDirector.tryConnect(DefaultRequestDirector.java:605) ~[httpclient-4.5.9.jar:4.5.9]
	at org.apache.http.impl.client.DefaultRequestDirector.execute(DefaultRequestDirector.java:440) ~[httpclient-4.5.9.jar:4.5.9]
	at org.apache.http.impl.client.AbstractHttpClient.doExecute(AbstractHttpClient.java:835) ~[httpclient-4.5.9.jar:4.5.9]
	at org.apache.http.impl.client.CloseableHttpClient.execute(CloseableHttpClient.java:118) ~[httpclient-4.5.9.jar:4.5.9]
	at org.apache.http.impl.client.CloseableHttpClient.execute(CloseableHttpClient.java:56) ~[httpclient-4.5.9.jar:4.5.9]
	at com.sun.jersey.client.apache4.ApacheHttpClient4Handler.handle(ApacheHttpClient4Handler.java:173) ~[jersey-apache-client4-1.19.1.jar:1.19.1]
	... 42 common frames omitted
2021-04-10 02:20:47,215 WARN com.netflix.discovery.shared.transport.decorator.RetryableEurekaHttpClient [Thread-9] Request execution failed with message: java.net.ConnectException: Connection refused (Connection refused)
2021-04-10 02:20:47,216 ERROR com.netflix.discovery.DiscoveryClient [Thread-9] DiscoveryClient_PRODUCTS/s-a:products:8006 - de-registration failedCannot execute request on any known server
com.netflix.discovery.shared.transport.TransportException: Cannot execute request on any known server
	at com.netflix.discovery.shared.transport.decorator.RetryableEurekaHttpClient.execute(RetryableEurekaHttpClient.java:112) ~[eureka-client-1.9.8.jar:1.9.8]
	at com.netflix.discovery.shared.transport.decorator.EurekaHttpClientDecorator.cancel(EurekaHttpClientDecorator.java:71) ~[eureka-client-1.9.8.jar:1.9.8]
	at com.netflix.discovery.shared.transport.decorator.EurekaHttpClientDecorator$2.execute(EurekaHttpClientDecorator.java:74) ~[eureka-client-1.9.8.jar:1.9.8]
	at com.netflix.discovery.shared.transport.decorator.SessionedEurekaHttpClient.execute(SessionedEurekaHttpClient.java:77) ~[eureka-client-1.9.8.jar:1.9.8]
	at com.netflix.discovery.shared.transport.decorator.EurekaHttpClientDecorator.cancel(EurekaHttpClientDecorator.java:71) ~[eureka-client-1.9.8.jar:1.9.8]
	at com.netflix.discovery.DiscoveryClient.unregister(DiscoveryClient.java:923) ~[eureka-client-1.9.8.jar:1.9.8]
	at com.netflix.discovery.DiscoveryClient.shutdown(DiscoveryClient.java:901) ~[eureka-client-1.9.8.jar:1.9.8]
	at java.base/jdk.internal.reflect.NativeMethodAccessorImpl.invoke0(Native Method) ~[na:na]
	at java.base/jdk.internal.reflect.NativeMethodAccessorImpl.invoke(NativeMethodAccessorImpl.java:62) ~[na:na]
	at java.base/jdk.internal.reflect.DelegatingMethodAccessorImpl.invoke(DelegatingMethodAccessorImpl.java:43) ~[na:na]
	at java.base/java.lang.reflect.Method.invoke(Method.java:566) ~[na:na]
	at org.springframework.beans.factory.annotation.InitDestroyAnnotationBeanPostProcessor$LifecycleElement.invoke(InitDestroyAnnotationBeanPostProcessor.java:363) ~[spring-beans-5.1.8.RELEASE.jar:5.1.8.RELEASE]
	at org.springframework.beans.factory.annotation.InitDestroyAnnotationBeanPostProcessor$LifecycleMetadata.invokeDestroyMethods(InitDestroyAnnotationBeanPostProcessor.java:321) ~[spring-beans-5.1.8.RELEASE.jar:5.1.8.RELEASE]
	at org.springframework.beans.factory.annotation.InitDestroyAnnotationBeanPostProcessor.postProcessBeforeDestruction(InitDestroyAnnotationBeanPostProcessor.java:156) ~[spring-beans-5.1.8.RELEASE.jar:5.1.8.RELEASE]
	at org.springframework.beans.factory.support.DisposableBeanAdapter.destroy(DisposableBeanAdapter.java:242) ~[spring-beans-5.1.8.RELEASE.jar:5.1.8.RELEASE]
	at org.springframework.beans.factory.support.DisposableBeanAdapter.run(DisposableBeanAdapter.java:235) ~[spring-beans-5.1.8.RELEASE.jar:5.1.8.RELEASE]
	at org.springframework.cloud.context.scope.GenericScope$BeanLifecycleWrapper.destroy(GenericScope.java:403) ~[spring-cloud-context-2.1.1.RELEASE.jar:2.1.1.RELEASE]
	at org.springframework.cloud.context.scope.GenericScope.destroy(GenericScope.java:142) ~[spring-cloud-context-2.1.1.RELEASE.jar:2.1.1.RELEASE]
	at org.springframework.beans.factory.support.DisposableBeanAdapter.destroy(DisposableBeanAdapter.java:258) ~[spring-beans-5.1.8.RELEASE.jar:5.1.8.RELEASE]
	at org.springframework.beans.factory.support.DefaultSingletonBeanRegistry.destroyBean(DefaultSingletonBeanRegistry.java:571) ~[spring-beans-5.1.8.RELEASE.jar:5.1.8.RELEASE]
	at org.springframework.beans.factory.support.DefaultSingletonBeanRegistry.destroySingleton(DefaultSingletonBeanRegistry.java:543) ~[spring-beans-5.1.8.RELEASE.jar:5.1.8.RELEASE]
	at org.springframework.beans.factory.support.DefaultListableBeanFactory.destroySingleton(DefaultListableBeanFactory.java:1036) ~[spring-beans-5.1.8.RELEASE.jar:5.1.8.RELEASE]
	at org.springframework.beans.factory.support.DefaultSingletonBeanRegistry.destroySingletons(DefaultSingletonBeanRegistry.java:504) ~[spring-beans-5.1.8.RELEASE.jar:5.1.8.RELEASE]
	at org.springframework.beans.factory.support.DefaultListableBeanFactory.destroySingletons(DefaultListableBeanFactory.java:1029) ~[spring-beans-5.1.8.RELEASE.jar:5.1.8.RELEASE]
	at org.springframework.context.support.AbstractApplicationContext.destroyBeans(AbstractApplicationContext.java:1057) ~[spring-context-5.1.8.RELEASE.jar:5.1.8.RELEASE]
	at org.springframework.context.support.AbstractApplicationContext.doClose(AbstractApplicationContext.java:1026) ~[spring-context-5.1.8.RELEASE.jar:5.1.8.RELEASE]
	at org.springframework.context.support.AbstractApplicationContext$1.run(AbstractApplicationContext.java:945) ~[spring-context-5.1.8.RELEASE.jar:5.1.8.RELEASE]
2021-04-10 02:20:47,222 INFO com.netflix.discovery.DiscoveryClient [Thread-9] Completed shut down of DiscoveryClient
2021-04-10 02:21:03,555 INFO mx.ikii.products.IkiiBackProductsApplication [restartedMain] The following profiles are active: development
2021-04-10 02:21:06,188 INFO org.apache.catalina.core.StandardService [restartedMain] Starting service [Tomcat]
2021-04-10 02:21:06,188 INFO org.apache.catalina.core.StandardEngine [restartedMain] Starting Servlet engine: [Apache Tomcat/9.0.21]
2021-04-10 02:21:06,260 INFO org.apache.catalina.core.ContainerBase.[Tomcat].[localhost].[/] [restartedMain] Initializing Spring embedded WebApplicationContext
2021-04-10 02:21:06,397 WARN com.netflix.config.sources.URLConfigurationSource [restartedMain] No URLs will be polled as dynamic configuration sources.
2021-04-10 02:21:06,397 INFO com.netflix.config.sources.URLConfigurationSource [restartedMain] To enable URLs as dynamic configuration sources, define System property archaius.configurationSource.additionalUrls or make config.properties available on classpath.
2021-04-10 02:21:06,404 INFO com.netflix.config.DynamicPropertyFactory [restartedMain] DynamicPropertyFactory is initialized with configuration sources: com.netflix.config.ConcurrentCompositeConfiguration@8fff84b
2021-04-10 02:21:06,910 INFO org.mongodb.driver.cluster [restartedMain] Cluster created with settings {hosts=[localhost:27020], mode=SINGLE, requiredClusterType=UNKNOWN, serverSelectionTimeout='30000 ms', maxWaitQueueSize=30000000}
2021-04-10 02:21:06,939 INFO org.mongodb.driver.connection [cluster-ClusterId{value='607151e29c85244f6d68ed27', description='null'}-localhost:27020] Opened connection [connectionId{localValue:1, serverValue:108}] to localhost:27020
2021-04-10 02:21:06,944 INFO org.mongodb.driver.cluster [cluster-ClusterId{value='607151e29c85244f6d68ed27', description='null'}-localhost:27020] Monitor thread successfully connected to server with description ServerDescription{address=localhost:27020, type=STANDALONE, state=CONNECTED, ok=true, version=ServerVersion{versionList=[4, 4, 0]}, minWireVersion=0, maxWireVersion=9, maxDocumentSize=16777216, logicalSessionTimeoutMinutes=30, roundTripTimeNanos=2269606}
2021-04-10 02:21:08,056 INFO org.mongodb.driver.connection [restartedMain] Opened connection [connectionId{localValue:2, serverValue:110}] to localhost:27020
2021-04-10 02:21:08,536 WARN com.netflix.config.sources.URLConfigurationSource [restartedMain] No URLs will be polled as dynamic configuration sources.
2021-04-10 02:21:08,536 INFO com.netflix.config.sources.URLConfigurationSource [restartedMain] To enable URLs as dynamic configuration sources, define System property archaius.configurationSource.additionalUrls or make config.properties available on classpath.
2021-04-10 02:21:09,558 INFO com.netflix.discovery.DiscoveryClient [restartedMain] Initializing Eureka in region us-east-1
2021-04-10 02:21:09,604 INFO com.netflix.discovery.provider.DiscoveryJerseyProvider [restartedMain] Using JSON encoding codec LegacyJacksonJson
2021-04-10 02:21:09,604 INFO com.netflix.discovery.provider.DiscoveryJerseyProvider [restartedMain] Using JSON decoding codec LegacyJacksonJson
2021-04-10 02:21:09,685 INFO com.netflix.discovery.provider.DiscoveryJerseyProvider [restartedMain] Using XML encoding codec XStreamXml
2021-04-10 02:21:09,685 INFO com.netflix.discovery.provider.DiscoveryJerseyProvider [restartedMain] Using XML decoding codec XStreamXml
2021-04-10 02:21:09,800 INFO com.netflix.discovery.shared.resolver.aws.ConfigClusterResolver [restartedMain] Resolving eureka endpoints via configuration
2021-04-10 02:21:09,811 INFO com.netflix.discovery.DiscoveryClient [restartedMain] Disable delta property : false
2021-04-10 02:21:09,811 INFO com.netflix.discovery.DiscoveryClient [restartedMain] Single vip registry refresh property : null
2021-04-10 02:21:09,811 INFO com.netflix.discovery.DiscoveryClient [restartedMain] Force full registry fetch : false
2021-04-10 02:21:09,811 INFO com.netflix.discovery.DiscoveryClient [restartedMain] Application is null : false
2021-04-10 02:21:09,811 INFO com.netflix.discovery.DiscoveryClient [restartedMain] Registered Applications size is zero : true
2021-04-10 02:21:09,811 INFO com.netflix.discovery.DiscoveryClient [restartedMain] Application version is -1: true
2021-04-10 02:21:09,812 INFO com.netflix.discovery.DiscoveryClient [restartedMain] Getting all instance registry info from the eureka server
2021-04-10 02:21:09,871 INFO com.netflix.discovery.DiscoveryClient [restartedMain] The response status is 200
2021-04-10 02:21:09,873 INFO com.netflix.discovery.DiscoveryClient [restartedMain] Starting heartbeat executor: renew interval is: 30
2021-04-10 02:21:09,875 INFO com.netflix.discovery.InstanceInfoReplicator [restartedMain] InstanceInfoReplicator onDemand update allowed rate per min is 4
2021-04-10 02:21:09,877 INFO com.netflix.discovery.DiscoveryClient [restartedMain] Discovery Client initialized at timestamp 1618039269877 with initial instances count: 1
2021-04-10 02:21:09,887 INFO com.netflix.discovery.DiscoveryClient [restartedMain] Saw local status change event StatusChangeEvent [timestamp=1618039269887, current=UP, previous=STARTING]
2021-04-10 02:21:09,888 INFO com.netflix.discovery.DiscoveryClient [DiscoveryClient-InstanceInfoReplicator-0] DiscoveryClient_PRODUCTS/s-a:products:0: registering service...
2021-04-10 02:21:09,890 INFO mx.ikii.products.IkiiBackProductsApplication [restartedMain] Started IkiiBackProductsApplication in 9.126 seconds (JVM running for 9.884)
2021-04-10 02:21:09,908 INFO com.netflix.discovery.DiscoveryClient [DiscoveryClient-InstanceInfoReplicator-0] DiscoveryClient_PRODUCTS/s-a:products:0 - registration status: 204
2021-04-10 02:21:10,163 INFO org.apache.catalina.core.ContainerBase.[Tomcat].[localhost].[/] [RMI TCP Connection(3)-192.168.0.11] Initializing Spring DispatcherServlet 'dispatcherServlet'
2021-04-10 02:22:53,020 WARN com.netflix.discovery.DiscoveryClient [Thread-9] Saw local status change event StatusChangeEvent [timestamp=1618039373020, current=DOWN, previous=UP]
2021-04-10 02:22:53,020 INFO com.netflix.discovery.DiscoveryClient [DiscoveryClient-InstanceInfoReplicator-0] DiscoveryClient_PRODUCTS/s-a:products:0: registering service...
2021-04-10 02:22:53,025 INFO com.netflix.discovery.DiscoveryClient [DiscoveryClient-InstanceInfoReplicator-0] DiscoveryClient_PRODUCTS/s-a:products:0 - registration status: 204
